[runlim] version:		1.10
[runlim] time limit:		311040000 seconds
[runlim] real time limit:	1800 seconds
[runlim] space limit:		30000 MB
[runlim] argv[0]:		oplrun
[runlim] argv[1]:		-l
[runlim] argv[2]:		3/D-bcsstk01-ver1.out
[runlim] argv[3]:		CP-CPLEX.mod
[runlim] argv[4]:		D-bcsstk01.dat
[runlim] start:			Tue Oct  8 10:50:07 2024
[runlim] main pid:		3272
[runlim] log captured:

<<< setup


<<< generate

 ! --------------------------------------------------- CP Optimizer 22.1.1.0 --
 ! Maximization problem - 49 variables, 180 constraints
 ! TimeLimit            = 1800
 ! Initial process time : 0.00s (0.00s extraction + 0.00s propagation)
 !  . Log search space  : 268.1 (before), 268.1 (after)
 !  . Memory usage      : 377.1 kB (before), 377.1 kB (after)
 ! Using parallel search with 8 workers.
 ! ----------------------------------------------------------------------------
 !          Best Branches  Non-fixed    W       Branch decision
                        0         49                 -
 + New bound is 9
                     1000         15    1   F     7  = labels(31)
                     1000         16    2   F    31  = labels(10)
 *             8      334  0.04s        3      (gap is 12.50%)
               8     1000          2    3         7  = labels(12)
               8     1000          7    4   F    13  = labels(15)
               8     1000         13    5        37 != labels(10)
               8     1000          9    6        14 != labels(35)
               8     1000          9    7   F    32  = labels(33)
               8     1000          7    8   F    39  = labels(31)
               8     2000          5    1        31 != labels(31)
               8     2000          5    2        30 != labels(26)
               8     2000          2    7        31 != labels(29)
               8     2000         26    8   F    22  = labels(10)
               8     2000         18    3            -
               8     2000         25    4   F     8  = labels(21)
               8     2000         15    5   F    19  = labels(13)
               8     2000         15    6   F    44  = labels(21)
               8     3000          4    1        29  = labels(34)
               8     3000         14    2        38 != labels(7)
 ! Time = 0.06s, Average fail depth = 13, Memory usage = 6.0 MB
 ! Current bound is 9 (gap is 12.50%)
 !          Best Branches  Non-fixed    W       Branch decision
               8     3000         12    7         4 != labels(15)
               8     3000         21    8   F    29  = labels(13)
               8     3000         17    3   F    36  = labels(39)
               8     3000         23    4        25  = labels(3)
               8     3000         26    5   F    36 != labels(5)
               8     3000         18    6   F    37  = labels(13)
               8     4000          2    1        33  = labels(19)
               8     4000          2    2   F    42  = labels(13)
               8     4000         22    8   F    19 != labels(34)
               8     4000         29    3         9  = labels(45)
               8     4000         15    4   F    42  = labels(8)
               8     4000         27    5   F    26  = labels(47)
               8     4000         19    6        19 != labels(8)
               8     4000          6    7   F     2  = labels(47)
               8     5000         18    1        45  = labels(29)
               8     5000          3    4        42 != labels(21)
               8     5000         28    8   F    42  = labels(26)
               8     5000         15    2        12 != labels(5)
               8     5000         20    3         6 != labels(7)
               8     5000         30    5         9 != labels(26)
 ! Time = 0.09s, Average fail depth = 16, Memory usage = 7.2 MB
 ! Current bound is 9 (gap is 12.50%)
 !          Best Branches  Non-fixed    W       Branch decision
               8     5000         22    6         4 != labels(45)
               8     5000         29    7   F    11  = labels(28)
               8     6000         23    1        22 != labels(25)
               8     6000         10    8   F    20  = labels(10)
               8     6000         32    2   F    14  = labels(14)
               8     6000         24    3   F    16  = labels(35)
               8     6000         15    4        11 != labels(11)
               8     6000         20    5   F    20  = labels(29)
               8     6000         19    6            -
               8     7000         24    8        24 != labels(26)
               8     7000         23    1        28  = labels(32)
               8     7000         22    2        24 != labels(21)
               8     7000         24    3   F     1 != labels(39)
               8     7000         25    4   F    13  = labels(48)
               8     7000         21    5   F    24  = labels(13)
               8     7000         18    6            -
               8     6000         26    7   F    25  = labels(47)
               8     8000         24    8            -
               8     8000         17    1        26 != labels(19)
               8     8000         27    3   F    34  = labels(39)
 ! Time = 0.13s, Average fail depth = 15, Memory usage = 7.7 MB
 ! Current bound is 9 (gap is 12.50%)
 !          Best Branches  Non-fixed    W       Branch decision
               8     8000         19    4        38 != labels(32)
               8     8000         16    5            -
               8     8000         20    6   F    23  = labels(10)
               8     7000         18    7   F    10 != labels(25)
               8     8000         19    2         5  = labels(37)
               8     9000         18    8   F    28  = labels(29)
               8     9000         14    1        26 != labels(30)
               8     9000         25    3        43 != labels(10)
               8     9000         16    4        37 != labels(4)
               8     9000         18    5        15 != labels(25)
               8     9000         18    6        24 != labels(40)
               8     8000         15    7        17 != labels(9)
               8     9000         19    2   F    15  = labels(20)
               8    10000         15    3        18 != labels(13)
               8    10000         18    4   F    32  = labels(31)
               8    10000         19    6        43  = labels(17)
               8     9000         15    7   F    38  = labels(47)
               8    10000         23    8        11 != labels(13)
               8    10000         24    1   F    13 != labels(8)
               8    10000         14    2        30 != labels(20)
 ! Time = 0.15s, Average fail depth = 15, Memory usage = 7.9 MB
 ! Current bound is 9 (gap is 12.50%)
 !          Best Branches  Non-fixed    W       Branch decision
               8    11000         18    3   F    44 != labels(40)
               8    11000         29    4        34 != labels(21)
               8    10000         27    5         7 != labels(20)
               8    11000         19    6   F     8  = labels(7)
               8    10000         16    7        19 != labels(2)
               8    11000         34    8        27  = labels(21)
               8    12000         26    3        45 != labels(41)
               8    12000         28    4   F    35  = labels(21)
               8    11000         20    5        33 != labels(41)
               8    12000         22    6   F    28  = labels(34)
               8    11000         27    7        45  = labels(8)
               8    12000         32    8        36 != labels(5)
               8    11000         31    1   F    12  = labels(8)
               8    11000         26    2        31 != labels(20)
               8    12000         25    2        20 != labels(21)
               8    13000         24    3        21 != labels(27)
               8    13000         31    4        24 != labels(31)
               8    12000         19    5   F        -
               8    13000         14    6            -
               8    12000         15    7   F    12  = labels(8)
 ! Time = 0.18s, Average fail depth = 14, Memory usage = 7.7 MB
 ! Current bound is 9 (gap is 12.50%)
 !          Best Branches  Non-fixed    W       Branch decision
               8    13000         15    8            -
               8    12000         30    1   F    18  = labels(40)
               8    13000         26    5   F    23  = labels(25)
               8    14000         18    6   F    36  = labels(18)
               8    14000         25    8   F        -
               8    13000         23    1   F    17  = labels(8)
               8    13000         43    2        34 != labels(39)
               8    14000         19    3   F    10  = labels(7)
               8    14000         31    4        33  = labels(12)
               8    14000         11    5   F     1 != labels(45)
               8    15000         26    6   F    22  = labels(26)
               8    13000         17    7   F    34  = labels(21)
               8    15000         19    8   F    23  = labels(8)
               8    14000         23    1   F    16  = labels(21)
               8    15000         20    3        32  = labels(36)
               8    15000         33    4        43 != labels(21)
               8    14000         42    2   F    24  = labels(39)
               8    16000         19    3        28 != labels(10)
               8    15000         27    5        23 != labels(26)
               8    16000         25    6   F    37  = labels(10)
 ! Time = 0.20s, Average fail depth = 14, Memory usage = 8.0 MB
 ! Current bound is 9 (gap is 12.50%)
 !          Best Branches  Non-fixed    W       Branch decision
               8    14000         32    7        15 != labels(13)
               8    15000         26    1        43 != labels(31)
               8    15000         42    2        35 != labels(39)
               8    16000         33    4   F    46 != labels(29)
               8    16000         26    5   F    10  = labels(42)
               8    17000         24    6        37 != labels(40)
               8    15000         45    7   F    22  = labels(31)
               8    16000         19    8   F        -
               8    16000         42    1   F    31  = labels(31)
               8    17000         28    4   F    47  = labels(13)
               8    16000         43    2   F    10  = labels(10)
               8    17000         10    3   F     6  = labels(22)
               8    18000         29    4   F     9  = labels(10)
               8    17000         22    5   F    13  = labels(17)
               8    18000         16    6   F     1 != labels(44)
               8    16000         34    7        26 != labels(21)
               8    17000         16    8        36  = labels(35)
               8    17000         25    1   F    15  = labels(40)
               8    17000         45    2         9 != labels(10)
               8    18000         24    3         5  = labels(3)
 ! Time = 0.24s, Average fail depth = 13, Memory usage = 8.2 MB
 ! Current bound is 9 (gap is 12.50%)
 !          Best Branches  Non-fixed    W       Branch decision
               8    18000         24    5   F    37  = labels(12)
               8    19000         18    6   F    25 != labels(7)
               8    17000         34    7        17 != labels(6)
               8    18000         16    8   F    26  = labels(41)
               8    18000         22    1   F    27  = labels(8)
               8    19000         34    4   F    31  = labels(39)
               8    18000         25    2        37 != labels(7)
               8    19000         19    3   F    14  = labels(10)
               8    20000         21    4        26  = labels(43)
               8    19000         17    5            -
               8    18000         19    7   F    27  = labels(20)
               8    19000         31    8         5 != labels(14)
               8    19000         22    1   F    40  = labels(19)
               8    19000         22    2        36 != labels(41)
               8    20000         20    2        39 != labels(29)
               8    20000         27    3         7 != labels(10)
               8    21000         20    4        44 != labels(27)
               8    20000         17    5        36  = labels(29)
               8    20000         22    6            -
               8    19000         25    7   F    37  = labels(20)
 ! Time = 0.25s, Average fail depth = 13, Memory usage = 8.1 MB
 ! Current bound is 9 (gap is 12.50%)
 !          Best Branches  Non-fixed    W       Branch decision
               8    20000         19    8            -
               8    21000         17    3   F    11  = labels(25)
               8    21000         17    5   F    11  = labels(20)
               8    21000         27    6        12 != labels(2)
               8    20000         29    7        33 != labels(47)
               8    21000         18    8        21 != labels(39)
               8    20000         18    1            -
               8    21000         22    2   F    14  = labels(1)
               8    22000         17    3   F    19  = labels(47)
               8    22000         22    4        32 != labels(5)
               8    22000         20    6            -
               8    21000         39    7   F    41  = labels(47)
               8    22000         17    5   F    15  = labels(26)
               8    23000         23    6        46  = labels(19)
               8    22000         38    7   F    47  = labels(8)
               8    22000         18    8   F    29 != labels(47)
               8    22000         24    2        41  = labels(36)
               8    23000         32    3        16 != labels(18)
               8    23000         23    4        42  = labels(32)
               8    23000         22    5        38 != labels(13)
 ! Time = 0.29s, Average fail depth = 13, Memory usage = 8.2 MB
 ! Current bound is 9 (gap is 12.50%)
 !          Best Branches  Non-fixed    W       Branch decision
               8    24000         18    6        18 != labels(25)
               8    23000         38    7        24 != labels(8)
               8    23000         27    8         7 != labels(26)
               8    23000         19    2   F    28  = labels(8)
               8    24000         27    3        35 != labels(31)
               8    24000         21    4        12 != labels(13)
               8    21000         23    1   F    13  = labels(7)
               8    24000         20    2        32  = labels(16)
               8    25000         21    3            -
               8    25000         20    4   F    38  = labels(10)
               8    24000         24    5            -
               8    25000         18    6         1 != labels(38)
               8    24000         30    7        28 != labels(8)
               8    24000         17    8        23 != labels(47)
               8    22000         19    1        36 != labels(26)
               8    25000         18    2        45 != labels(8)
               8    26000         17    3            -
               8    25000         28    5   F    30  = labels(21)
               8    26000         23    6   F    38  = labels(13)
               8    25000         16    7   F    11  = labels(18)
 ! Time = 0.31s, Average fail depth = 13, Memory usage = 8.2 MB
 ! Current bound is 9 (gap is 12.50%)
 !          Best Branches  Non-fixed    W       Branch decision
               8    25000         18    8   F     6  = labels(29)
               8    23000         17    1   F    43  = labels(13)
               8    27000         23    3   F    35  = labels(31)
               8    26000         24    4   F    48  = labels(10)
               8    26000         25    5   F    37  = labels(47)
               8    27000         19    6        46 != labels(47)
               8    26000         16    7        10 != labels(8)
               8    26000         22    8        16  = labels(47)
               8    24000         16    1   F    33  = labels(7)
               8    26000         26    2   F    46  = labels(31)
               8    28000         25    3   F        -
               8    27000         24    4   F    12  = labels(13)
               8    27000         17    5   F     3 != labels(39)
               8    28000         26    6         4  = labels(16)
               8    27000         16    7        26  = labels(45)
               8    27000         25    8   F    30  = labels(5)
               8    25000         16    1        36 != labels(21)
               8    27000         19    2   F    38  = labels(13)
               8    29000         23    3   F    28  = labels(10)
               8    28000         16    4        44 != labels(39)
 ! Time = 0.36s, Average fail depth = 13, Memory usage = 8.2 MB
 ! Current bound is 9 (gap is 12.50%)
 !          Best Branches  Non-fixed    W       Branch decision
               8    28000         16    5            -
               8    29000         18    6   F    32  = labels(9)
               8    28000         17    7   F    35  = labels(43)
               8    28000         17    8   F    20  = labels(7)
               8    26000         15    1   F    10 != labels(13)
               8    28000         16    2        48 != labels(31)
               8    30000         32    3        13  = labels(18)
               8    29000         21    4         2 != labels(14)
               8    29000         21    5            -
               8    29000         24    8        23  = labels(45)
               8    27000         15    1        39 != labels(10)
               8    29000         19    2   F    15  = labels(7)
               8    31000         30    3   F    23  = labels(13)
               8    30000         14    4   F    11  = labels(4)
               8    30000         20    5        24  = labels(29)
               8    30000         17    6   F    27  = labels(47)
               8    29000         17    7   F     2 != labels(31)
               8    30000         17    8   F    31  = labels(30)
               8    28000         18    1        26  = labels(32)
               8    30000         19    2   F    48 != labels(46)
 ! Time = 0.38s, Average fail depth = 13, Memory usage = 8.2 MB
 ! Current bound is 9 (gap is 12.50%)
 !          Best Branches  Non-fixed    W       Branch decision
               8    32000         19    3   F    43  = labels(2)
               8    31000         19    4        14 != labels(13)
               8    31000         40    5            -
               8    31000         16    6   F    12  = labels(7)
               8    30000         17    7        38 != labels(6)
               8    29000         24    1   F    23 != labels(14)
               8    31000         18    2   F    10  = labels(23)
               8    32000         21    4        36 != labels(27)
               8    32000         26    5   F        -
               8    32000         18    6        19  = labels(41)
               8    31000         17    7   F    20 != labels(7)
               8    31000         19    8            -
               8    30000          2    1        35 != labels(6)
               8    32000         18    2   F    17 != labels(7)
               8    33000          9    3   F    33  = labels(31)
               8    33000         19    4        21 != labels(21)
               8    33000         34    5        26 != labels(13)
               8    33000         17    6        36  = labels(19)
               8    32000         15    7        11 != labels(14)
               8    32000         16    8         4 != labels(39)
 ! Time = 0.42s, Average fail depth = 13, Memory usage = 8.3 MB
 ! Current bound is 9 (gap is 12.50%)
 !          Best Branches  Non-fixed    W       Branch decision
               8    31000         23    1        12 != labels(8)
               8    33000         16    2   F    26  = labels(39)
               8    34000         17    3   F    16  = labels(10)
               8    34000         16    4   F    14  = labels(22)
               8    34000         29    5   F    29  = labels(12)
               8    34000         18    6   F    46  = labels(25)
               8    33000          4    7        38  = labels(13)
               8    33000         28    8   F    29  = labels(13)
               8    32000         23    1   F    27  = labels(29)
               8    34000         17    2        35 != labels(22)
               8    35000         27    3         2 != labels(6)
               8    35000         16    4   F    29 != labels(26)
               8    35000         25    6   F    21  = labels(14)
               8    34000          3    7   F    22  = labels(33)
               8    34000         23    8            -
               8    33000         20    1        25  = labels(33)
               8    35000          4    2   F     2  = labels(29)
               8    36000         19    4        13 != labels(10)
               8    35000         19    5         1  = labels(27)
               8    35000          2    7   F    35  = labels(11)
 ! Time = 0.43s, Average fail depth = 13, Memory usage = 8.2 MB
 ! Current bound is 9 (gap is 12.50%)
 !          Best Branches  Non-fixed    W       Branch decision
               8    35000         34    8        16 != labels(21)
               8    36000         11    2   F    37  = labels(35)
               8    36000         27    3   F    10  = labels(29)
               8    37000         17    4   F    38  = labels(24)
               8    36000         17    5   F    31  = labels(39)
               8    36000         21    6   F    12  = labels(42)
               8    36000         21    7        24 != labels(13)
               8    36000         32    8   F    21  = labels(26)
               8    34000         24    1   F     6  = labels(17)
               8    37000         11    2   F    38  = labels(26)
               8    38000         16    4        41 != labels(21)
               8    37000         27    5            -
               8    37000         33    7        14 != labels(21)
               8    37000         23    8        14 != labels(29)
               8    35000         16    1   F    36  = labels(10)
               8    38000         17    2   F    11  = labels(14)
               8    37000         18    3   F        -
               8    39000         16    4         5  = labels(27)
               8    38000         19    5        32 != labels(31)
               8    37000         18    6         1 != labels(31)
 ! Time = 0.47s, Average fail depth = 13, Memory usage = 8.2 MB
 ! Current bound is 9 (gap is 12.50%)
 !          Best Branches  Non-fixed    W       Branch decision
               8    38000         20    7   F     9  = labels(13)
               8    38000         17    8        30 != labels(26)
               8    36000         16    1        36 != labels(19)
               8    39000         19    2        23 != labels(31)
               8    38000         23    3        15 != labels(10)
               8    39000         24    5            -
               8    38000         27    6         2  = labels(31)
               8    39000         17    7   F    38  = labels(11)
               8    39000         18    8            -
               8    37000         16    1   F    42  = labels(29)
               8    40000         32    2   F    29  = labels(31)
               8    39000         23    3            -
               8    40000          7    4   F    22  = labels(21)
               8    40000         24    5            -
               8    39000         19    6   F    18  = labels(17)
               8    40000         18    7   F    27  = labels(20)
               8    38000         18    1        38 != labels(24)
               8    40000         25    3   F    15  = labels(14)
               8    41000         25    4        31 != labels(8)
               8    41000         17    7        12 != labels(11)
 ! Time = 0.50s, Average fail depth = 13, Memory usage = 8.2 MB
 ! Current bound is 9 (gap is 12.50%)
 !          Best Branches  Non-fixed    W       Branch decision
               8    40000         15    8   F    25  = labels(7)
               8    39000         18    1        28  = labels(30)
               8    41000         30    2   F    11  = labels(31)
               8    41000         31    3        10 != labels(43)
               8    42000         15    4        32  = labels(39)
               8    41000         20    5   F    27  = labels(10)
               8    40000         19    6        44 != labels(47)
               8    42000         17    7        10  = labels(1)
               8    41000         13    8        33 != labels(13)
               8    40000         15    1        14 != labels(27)
               8    42000         32    2        33 != labels(39)
               8    42000         23    3   F        -
               8    42000         16    5            -
               8    43000         18    7   F    12 != labels(26)
               8    41000         18    1        44 != labels(26)
               8    43000         28    2        48  = labels(8)
               8    43000         28    3        32 != labels(7)
               8    43000         17    4   F    11  = labels(40)
               8    43000         19    5        34 != labels(21)
               8    41000         19    6        18 != labels(7)
 ! Time = 0.54s, Average fail depth = 13, Memory usage = 8.2 MB
 ! Current bound is 9 (gap is 12.50%)
 !          Best Branches  Non-fixed    W       Branch decision
               8    44000         29    7         1  = labels(29)
               8    42000         16    8        40  = labels(24)
               8    42000          7    1   F    16 != labels(37)
               8    44000         27    2        31  = labels(35)
               8    44000         23    3         2 != labels(21)
               8    44000         18    4        35 != labels(7)
               8    44000         19    5        35 != labels(21)
               8    42000         18    6   F    36  = labels(21)
               8    45000         15    7   F    31  = labels(10)
               8    43000         17    8         7 != labels(13)
               8    43000          7    1        37 != labels(34)
               8    45000         18    2        34 != labels(8)
               8    45000         37    3   F     2 != labels(13)
               8    43000         18    6   F        -
               8    46000         17    7   F    37  = labels(44)
               8    44000         19    8   F    29  = labels(31)
               8    44000         24    1        11 != labels(31)
               8    46000         22    2        25 != labels(39)
               8    46000         25    3   F    39 != labels(10)
               8    45000         14    4        26 != labels(32)
 ! Time = 0.56s, Average fail depth = 13, Memory usage = 8.2 MB
 ! Current bound is 9 (gap is 12.50%)
 !          Best Branches  Non-fixed    W       Branch decision
               8    45000         25    5            -
               8    44000         28    6            -
               8    47000          2    7        12  = labels(21)
               8    45000         26    1   F    31  = labels(47)
               8    47000         30    2   F    17  = labels(26)
               8    47000         28    3   F    11  = labels(26)
               8    46000         20    4        30 != labels(39)
               8    46000         18    5        18 != labels(20)
               8    45000         16    6   F        -
               8    48000         29    7        42  = labels(47)
               8    45000         16    8        29 != labels(12)
               8    46000         18    1   F    16  = labels(7)
               8    48000         22    2   F    34  = labels(7)
               8    48000         25    3   F     2  = labels(8)
               8    47000         19    4   F    26  = labels(5)
               8    47000         31    5        29  = labels(15)
               8    49000         21    7        46 != labels(7)
               8    46000         18    8   F    10  = labels(26)
               8    47000         18    1   F     8  = labels(8)
               8    49000         16    2   F    38  = labels(21)
 ! Time = 0.59s, Average fail depth = 13, Memory usage = 8.2 MB
 ! Current bound is 9 (gap is 12.50%)
 !          Best Branches  Non-fixed    W       Branch decision
               8    49000         19    3            -
               8    48000         18    4   F    10  = labels(31)
               8    48000         14    5        12 != labels(15)
               8    46000         22    6        17 != labels(3)
               8    47000         25    8   F    15  = labels(14)
               8    48000         18    1        17 != labels(34)
               8    50000         17    2        32 != labels(29)
               8    50000         18    3        43 != labels(26)
               8    49000         15    4   F    12  = labels(21)
               8    50000         17    7   F    33  = labels(48)
               8    48000         18    8   F    28  = labels(21)
               8    49000         17    1        32 != labels(1)
               8    51000         18    2   F    24  = labels(7)
               8    51000         21    3            -
               8    50000         15    4        33 != labels(2)
               8    49000         14    5        41 != labels(41)
               8    47000         15    6            -
               8    51000         16    7        10 != labels(8)
               8    49000         19    8        15 != labels(10)
               8    50000         17    1   F    32  = labels(8)
 ! Time = 0.63s, Average fail depth = 13, Memory usage = 8.2 MB
 ! Current bound is 9 (gap is 12.50%)
 !          Best Branches  Non-fixed    W       Branch decision
               8    52000         25    2        46 != labels(29)
               8    52000         22    3        14  = labels(24)
               8    51000         21    4         3 != labels(7)
               8    50000         26    5   F     4  = labels(10)
               8    48000         33    6   F    41  = labels(41)
               8    52000         18    7        38 != labels(31)
               8    50000         19    8        31 != labels(6)
               8    51000         18    1   F     7  = labels(44)
               8    53000         17    2         1 != labels(29)
               8    53000         19    3            -
               8    51000         17    5        37 != labels(9)
               8    49000         24    6        18 != labels(47)
               8    53000         28    7        25 != labels(21)
               8    51000         18    8   F    34  = labels(10)
               8    52000         16    1   F    37  = labels(17)
               8    54000         16    2        11 != labels(46)
               8    54000         26    3        17 != labels(46)
               8    52000         16    4   F    23  = labels(7)
               8    52000         19    5         7 != labels(10)
               8    50000         18    6        28  = labels(10)
 ! Time = 0.63s, Average fail depth = 13, Memory usage = 8.2 MB
 ! Current bound is 9 (gap is 12.50%)
 !          Best Branches  Non-fixed    W       Branch decision
               8    54000          4    7   F    34  = labels(47)
               8    52000         35    8        16 != labels(10)
               8    53000         16    1   F    28  = labels(1)
               8    55000         18    2         7 != labels(31)
               8    53000         18    4         8 != labels(39)
               8    53000         20    5        13 != labels(35)
               8    51000         18    6   F    22  = labels(10)
               8    55000         16    7        38 != labels(11)
               8    53000         18    8   F    22  = labels(21)
               8    54000         17    1   F    38  = labels(34)
               8    56000          3    2   F    18  = labels(29)
               8    55000         17    3   F    27  = labels(12)
               8    52000         18    6        36 != labels(43)
               8    54000         11    8        20  = labels(8)
               8    55000          3    1   F    47  = labels(21)
               8    57000         28    2        46  = labels(7)
               8    56000         21    3   F    25  = labels(13)
               8    54000         30    4   F     4  = labels(13)
               8    54000         24    5        42  = labels(10)
               8    53000          7    6        15 != labels(19)
 ! Time = 0.68s, Average fail depth = 13, Memory usage = 8.2 MB
 ! Current bound is 9 (gap is 12.50%)
 !          Best Branches  Non-fixed    W       Branch decision
               8    56000         16    7   F    30  = labels(13)
               8    56000         18    1        35 != labels(21)
               8    57000         29    3   F    34  = labels(47)
               8    55000         28    4        17 != labels(25)
               8    55000         17    5   F    36  = labels(47)
               8    54000         19    6   F     2  = labels(29)
               8    57000         16    7        12  = labels(40)
               8    55000         19    8   F    13  = labels(25)
               8    58000         25    2        20 != labels(26)
               8    58000         27    3   F    41  = labels(8)
               8    56000         21    4        14  = labels(22)
               8    55000         16    6            -
               8    58000          2    7        14 != labels(13)
               8    56000         18    8   F    23  = labels(39)
               8    57000         15    1   F    34  = labels(48)
               8    59000         30    2        34 != labels(15)
               8    57000         16    4   F    10  = labels(31)
               8    56000         27    5   F    32  = labels(21)
               8    56000         23    6        10 != labels(10)
               8    57000         33    8        19  = labels(29)
 ! Time = 0.72s, Average fail depth = 13, Memory usage = 8.3 MB
 ! Current bound is 9 (gap is 12.50%)
 !          Best Branches  Non-fixed    W       Branch decision
               8    58000         18    1        30 != labels(47)
               8    60000         30    2        35 != labels(39)
               8    59000         18    3        31 != labels(37)
               8    58000         17    4        11 != labels(43)
               8    57000         19    5   F    36  = labels(10)
               8    57000         18    6   F    22  = labels(47)
               8    59000         33    7   F    33  = labels(26)
               8    58000         27    8        29 != labels(13)
               8    59000         25    1        14 != labels(21)
               8    61000         31    2   F     1  = labels(39)
               8    59000         17    4        38 != labels(20)
               8    58000         16    5        12 != labels(19)
               8    58000         15    6   F    47  = labels(8)
               8    60000         34    7        37 != labels(10)
               8    59000         28    8            -
               8    60000         27    1        46 != labels(31)
               8    62000         24    2   F    14  = labels(7)
               8    60000         14    4        43  = labels(20)
               8    59000         16    5   F    27  = labels(47)
               8    61000         23    7   F    21  = labels(1)
 ! Time = 0.74s, Average fail depth = 13, Memory usage = 8.2 MB
 ! Current bound is 9 (gap is 12.50%)
 !          Best Branches  Non-fixed    W       Branch decision
               8    60000         16    8   F    28  = labels(13)
               8    63000         33    2   F    35  = labels(39)
               8    61000         20    4        38 != labels(35)
               8    60000         29    5        34 != labels(10)
               8    59000         24    6        33 != labels(33)
               8    62000         24    7   F    44  = labels(47)
               8    61000         31    8   F    32  = labels(31)
               8    61000         26    1        32 != labels(23)
               8    60000         18    3        34 != labels(7)
               8    62000         18    4   F    38  = labels(13)
               8    61000         16    5   F    44 != labels(29)
               8    60000         28    6        11 != labels(8)
               8    63000         34    7   F    18  = labels(31)
               8    62000         21    8   F    30  = labels(31)
               8    62000         26    1   F    10 != labels(10)
               8    64000         34    2        33 != labels(21)
               8    61000         13    3   F        -
               8    63000         17    4        37 != labels(19)
               8    62000         23    5        15  = labels(18)
               8    61000         18    6        25 != labels(8)
 ! Time = 0.77s, Average fail depth = 13, Memory usage = 8.2 MB
 ! Current bound is 9 (gap is 12.50%)
 !          Best Branches  Non-fixed    W       Branch decision
               8    64000         32    7   F    17  = labels(7)
               8    63000         21    8   F    27  = labels(10)
               8    63000         18    1   F    25  = labels(21)
               8    65000         34    2   F     5  = labels(29)
               8    62000         19    6   F    33  = labels(26)
               8    65000         30    7   F    48  = labels(8)
               8    64000         32    8        41 != labels(10)
               8    64000         19    1        14 != labels(13)
               8    66000         45    2   F     2  = labels(31)
               8    62000         27    3        31  = labels(10)
               8    64000          4    4   F    36  = labels(31)
               8    63000         22    5   F    46  = labels(26)
               8    66000         17    7   F    35  = labels(7)
               8    65000         17    8   F    21  = labels(14)
               8    65000         28    1        34 != labels(7)
               8    67000         45    2         1 != labels(31)
               8    63000         34    3         1  = labels(25)
               8    65000         20    4        19 != labels(14)
               8    64000         36    5   F    45  = labels(3)
               8    63000         15    6   F    43  = labels(31)
 ! Time = 0.79s, Average fail depth = 13, Memory usage = 8.2 MB
 ! Current bound is 9 (gap is 12.50%)
 !          Best Branches  Non-fixed    W       Branch decision
               8    67000         32    7        42 != labels(47)
               8    66000         20    8        39 != labels(32)
               8    66000         28    1        37 != labels(15)
               8    64000         16    3   F    48  = labels(7)
               8    66000         17    4   F    35  = labels(31)
               8    65000         18    5        19  = labels(20)
               8    64000         31    6        11 != labels(29)
               8    68000         21    7         6 != labels(31)
               8    68000         41    2        47 != labels(26)
               8    65000         24    3            -
               8    67000         29    4        13 != labels(10)
               8    66000         24    5        22 != labels(10)
               8    65000         22    6   F    20  = labels(39)
               8    69000         33    7   F    32  = labels(21)
               8    67000         23    8        29 != labels(37)
               8    69000         41    2        42 != labels(22)
               8    66000         24    3   F    24  = labels(18)
               8    68000         21    4        27 != labels(31)
               8    67000         24    5        34 != labels(26)
               8    66000         30    6   F     7  = labels(26)
 ! Time = 0.83s, Average fail depth = 13, Memory usage = 8.3 MB
 ! Current bound is 9 (gap is 12.50%)
 !          Best Branches  Non-fixed    W       Branch decision
               8    70000         17    7   F    39  = labels(47)
               8    68000         26    8            -
               8    67000         27    1   F    14 != labels(7)
               8    70000         41    2        34 != labels(10)
               8    67000         36    3            -
               8    68000         18    5   F    13  = labels(13)
               8    71000         13    7         9 != labels(31)
               8    69000         17    8   F    27  = labels(21)
               8    68000         23    1         5 != labels(7)
               8    71000         40    2   F    20  = labels(31)
               8    68000         21    3   F    27  = labels(7)
               8    69000         30    4        26 != labels(31)
               8    69000         15    5   F    28  = labels(31)
               8    67000         18    6   F    39  = labels(7)
               8    72000         29    7   F     3 != labels(13)
               8    70000         26    8            -
               8    69000         20    1   F    43  = labels(32)
               8    69000         22    3   F    12  = labels(41)
               8    70000         24    4   F    46 != labels(31)
               8    70000         29    5   F    24 != labels(42)
 ! Time = 0.86s, Average fail depth = 13, Memory usage = 8.3 MB
 ! Current bound is 9 (gap is 12.50%)
 !          Best Branches  Non-fixed    W       Branch decision
               8    68000         13    6   F    37  = labels(26)
               8    73000         21    7        38 != labels(8)
               8    71000         20    8        43  = labels(37)
               8    70000         24    1        35 != labels(47)
               8    72000         36    2        46 != labels(22)
               8    70000         25    3            -
               8    71000         22    4        18 != labels(1)
               8    71000         17    5   F    37  = labels(47)
               8    69000         18    6   F    13  = labels(10)
               8    74000         30    7   F    13  = labels(7)
               8    72000         18    8   F    35  = labels(43)
               8    71000         19    1   F    40  = labels(47)
               8    73000         35    2   F    40  = labels(10)
               8    71000         38    3   F    11  = labels(31)
               8    72000         16    4   F    35  = labels(22)
               8    72000         22    5   F    36  = labels(8)
               8    70000         14    6        16  = labels(14)
               8    75000         37    7        24  = labels(13)
               8    72000         15    1        36 != labels(26)
               8    74000         39    2   F    28  = labels(10)
 ! Time = 0.88s, Average fail depth = 13, Memory usage = 8.3 MB
 ! Current bound is 9 (gap is 12.50%)
 !          Best Branches  Non-fixed    W       Branch decision
               8    73000         28    4   F    13  = labels(31)
               8    73000         15    5        33 != labels(7)
               8    76000         23    7   F    46  = labels(31)
               8    73000         19    8         5 != labels(24)
               8    73000         33    1   F    25  = labels(10)
               8    75000         39    2   F    43  = labels(31)
               8    72000         29    3   F    44  = labels(26)
               8    74000         33    4        13 != labels(10)
               8    74000         17    5   F        -
               8    71000         17    6        27 != labels(47)
               8    77000         18    7        25  = labels(8)
               8    74000         21    8   F    47  = labels(27)
               8    74000         33    1        35  = labels(13)
               8    76000         18    2        14 != labels(10)
               8    73000         20    3        34 != labels(6)
               8    75000         24    5   F    15  = labels(8)
               8    75000         18    8         4 != labels(47)
               8    77000         17    2   F    15  = labels(24)
               8    75000         33    1        12 != labels(8)
               8    78000         18    2        43 != labels(10)
 ! Time = 0.92s, Average fail depth = 13, Memory usage = 8.5 MB
 ! Current bound is 9 (gap is 12.50%)
 !          Best Branches  Non-fixed    W       Branch decision
               8    74000         18    3   F    11  = labels(10)
               8    76000         16    5   F    22 != labels(29)
               8    72000          8    6         2  = labels(1)
               8    78000         32    7        37 != labels(13)
               8    76000         33    8   F    41  = labels(22)
               8    76000         45    1        37 != labels(7)
               8    79000         17    2        35 != labels(7)
               8    75000         27    3   F     1 != labels(39)
               8    75000         33    4   F     2  = labels(29)
               8    77000         15    5   F    19  = labels(25)
               8    73000         23    6            -
               8    79000         30    7        15 != labels(13)
               8    77000         33    8        33 != labels(8)
               8    77000         45    1         5 != labels(47)
               8    80000         18    2   F    36  = labels(32)
               8    76000         25    3        39 != labels(29)
               8    78000         17    5   F    12  = labels(29)
               8    74000         16    6   F    15  = labels(16)
               8    80000         26    7        26 != labels(21)
               8    78000         15    8        12  = labels(8)
 ! Time = 0.93s, Average fail depth = 13, Memory usage = 8.5 MB
 ! Current bound is 9 (gap is 12.50%)
 !          Best Branches  Non-fixed    W       Branch decision
               8    76000         33    4        24 != labels(7)
               8    78000         27    1   F    17  = labels(39)
               8    81000         14    2        21 != labels(22)
               8    77000         26    3        34 != labels(8)
               8    77000         45    4        23 != labels(39)
               8    75000         22    6   F    46  = labels(13)
               8    81000         32    7        43  = labels(20)
               8    79000         20    8   F    15  = labels(31)
               8    79000         28    1   F    31  = labels(44)
               8    82000         19    2   F    14  = labels(26)
               8    78000         22    3         5 != labels(29)
               8    78000         45    4         8 != labels(21)
               8    79000         18    5   F    38  = labels(20)
               8    76000          8    6   F    14  = labels(44)
               8    82000         32    7   F     7  = labels(31)
               8    80000         16    5        31 != labels(7)
               8    83000         16    7        36 != labels(20)
               8    80000         20    8   F    32  = labels(8)
               8    80000         31    1   F    33  = labels(34)
               8    79000         36    3        25 != labels(26)
 ! Time = 0.97s, Average fail depth = 13, Memory usage = 8.3 MB
 ! Current bound is 9 (gap is 12.50%)
 !          Best Branches  Non-fixed    W       Branch decision
               8    83000         18    2        15 != labels(22)
               8    79000         21    4         6 != labels(23)
               8    81000         17    5        37 != labels(19)
               8    77000          8    6        45 != labels(10)
               8    84000         16    7   F    27  = labels(45)
               8    84000         18    2        12  = labels(9)
               8    80000         27    3         6  = labels(21)
               8    80000         12    4   F    29  = labels(27)
               8    78000         18    6   F    29  = labels(31)
               8    81000         23    8        33 != labels(8)
               8    81000         20    1        14 != labels(42)
               8    85000          2    2        41 != labels(22)
               8    81000         20    3        22  = labels(47)
               8    81000         21    4   F    23  = labels(42)
               8    82000         17    5   F    39  = labels(15)
               8    79000         29    6   F    36  = labels(12)
               8    85000         19    7   F    12  = labels(39)
               8    82000         24    1   F    21  = labels(26)
               8    86000         23    2        34 != labels(42)
               8    82000         29    3   F     1  = labels(31)
 ! Time = 1.00s, Average fail depth = 13, Memory usage = 8.3 MB
 ! Current bound is 9 (gap is 12.50%)
 !          Best Branches  Non-fixed    W       Branch decision
               8    83000         20    5        15 != labels(10)
               8    80000         18    6            -
               8    82000         25    8   F    33 != labels(21)
               8    83000         24    1   F    17  = labels(32)
               8    82000         16    4        19 != labels(10)
               8    83000         41    4        33 != labels(26)
               8    84000         28    5   F    34  = labels(44)
               8    81000         17    6        32 != labels(32)
               8    86000         23    7        41 != labels(43)
               8    83000         19    8   F    14  = labels(40)
               8    87000         22    2   F     1  = labels(3)
               8    83000         23    3        18 != labels(2)
               8    85000         25    5   F    10  = labels(26)
               8    82000         13    6   F    14  = labels(29)
               8    84000         19    8            -
               8    88000         22    2        31 != labels(21)
               8    84000         28    3        11 != labels(13)
               8    84000         41    4   F    37  = labels(10)
               8    86000         15    5   F    13  = labels(39)
               8    83000         22    6   F    13 != labels(10)
 ! Time = 1.04s, Average fail depth = 13, Memory usage = 8.3 MB
 ! Current bound is 9 (gap is 12.50%)
 !          Best Branches  Non-fixed    W       Branch decision
               8    87000         28    7        42 != labels(7)
               8    85000         17    8        25 != labels(39)
               8    87000         15    5   F    36  = labels(7)
               8    88000         29    7        34 != labels(39)
               8    86000         29    8   F        -
               8    84000         25    1            -
               8    89000         32    2        42 != labels(10)
               8    85000         15    3        11 != labels(29)
               8    85000         38    4        36 != labels(7)
               8    88000         34    5   F    23  = labels(39)
               8    84000         18    6        20 != labels(8)
               8    87000         16    8         3  = labels(40)
               8    86000         15    3         3  = labels(39)
               8    86000         29    4        30  = labels(8)
               8    89000         34    7        12 != labels(29)
               8    88000         27    8         4  = labels(10)
               8    90000         22    2   F    23  = labels(37)
               8    87000         21    3   F    31  = labels(21)
               8    87000         33    4        37 != labels(8)
               8    89000         19    5        33 != labels(35)
 ! Time = 1.06s, Average fail depth = 13, Memory usage = 8.4 MB
 ! Current bound is 9 (gap is 12.50%)
 !          Best Branches  Non-fixed    W       Branch decision
               8    85000          8    6        12 != labels(31)
               8    90000         45    7         5 != labels(13)
               8    89000         20    8   F    32 != labels(10)
               8    91000         20    2   F    12  = labels(7)
               8    88000         18    4   F     8  = labels(33)
               8    90000         19    5   F    31  = labels(31)
               8    86000         15    6   F    35  = labels(13)
               8    91000         45    7        15 != labels(13)
               8    90000         37    8            -
               8    85000         17    1            -
               8    92000         33    2        34 != labels(39)
               8    88000         18    3   F    37  = labels(12)
               8    89000         26    4   F    34  = labels(21)
               8    91000         17    5            -
               8    87000         15    6   F    36  = labels(29)
               8    92000         35    7   F    41 != labels(26)
               8    91000         17    8        44 != labels(48)
               8    93000         33    2        37 != labels(31)
               8    89000         16    3   F     2 != labels(6)
               8    92000         19    5            -
 ! Time = 1.09s, Average fail depth = 13, Memory usage = 8.4 MB
 ! Current bound is 9 (gap is 12.50%)
 !          Best Branches  Non-fixed    W       Branch decision
               8    88000         18    6   F    15  = labels(10)
               8    93000         35    7        44 != labels(26)
               8    92000         36    8            -
               8    94000         16    2   F    48  = labels(10)
               8    90000         24    3        22 != labels(39)
               8    90000         18    4   F    10  = labels(47)
               8    93000         33    5            -
               8    89000         21    6        25  = labels(16)
               8    94000         37    7        32  = labels(7)
               8    93000         31    8   F    47  = labels(26)
               8    95000         21    2        19 != labels(21)
               8    91000         20    4   F    14  = labels(26)
               8    94000         20    5        40  = labels(42)
               8    90000         20    6        20 != labels(23)
               8    95000         37    7         5 != labels(8)
               8    94000         30    8   F    24  = labels(10)
               8    86000         33    1            -
               8    96000         16    2        11  = labels(31)
               8    91000         17    3   F        -
               8    92000         26    4   F    28  = labels(47)
 ! Time = 1.13s, Average fail depth = 13, Memory usage = 8.4 MB
 ! Current bound is 9 (gap is 12.50%)
 !          Best Branches  Non-fixed    W       Branch decision
               8    95000         17    5         3 != labels(26)
               8    91000         21    6         5 != labels(39)
               8    96000         34    7   F    15  = labels(21)
               8    95000         23    8        38  = labels(6)
               8    97000         16    2   F    13  = labels(35)
               8    93000         22    4   F    24  = labels(26)
               8    92000         16    6   F    48 != labels(31)
               8    97000         37    7        11 != labels(7)
               8    96000         10    8        38 != labels(8)
               8    98000         16    2   F    20  = labels(10)
               8    92000         17    3   F    47 != labels(25)
               8    94000         18    4   F    12  = labels(10)
               8    96000         23    5   F    39  = labels(26)
               8    93000         19    6        37  = labels(8)
               8    97000         17    8   F     5  = labels(25)
               8    99000         17    2        44 != labels(7)
               8    97000         15    5        12 != labels(29)
               8    94000         22    6   F    34  = labels(18)
               8    98000         35    7        43 != labels(10)
               8    98000         22    8   F    39  = labels(35)
 ! Time = 1.17s, Average fail depth = 13, Memory usage = 8.4 MB
 ! Current bound is 9 (gap is 12.50%)
 !          Best Branches  Non-fixed    W       Branch decision
               8     100k         33    2        42 != labels(31)
               8    93000         16    3        48  = labels(30)
               8    95000         17    4        36 != labels(24)
               8    98000         26    5        16  = labels(30)
               8    95000         25    6   F    24  = labels(8)
               8    99000         15    7        33 != labels(8)
               8     101k         17    2   F    36  = labels(31)
               8    94000         21    3   F    14 != labels(21)
               8    96000         17    4   F    30 != labels(20)
               8    99000         19    5   F    11  = labels(35)
               8    96000         28    6   F    26  = labels(31)
               8     100k         33    7   F    25  = labels(26)
               8    99000         12    8   F        -
               8    87000         20    1            -
               8    95000         22    3            -
               8    97000         22    6        15 != labels(35)
               8     101k         13    7        31 != labels(21)
               8     100k         19    8        13  = labels(13)
               8     102k          9    2   F     8  = labels(27)
               8    96000         21    3   F    38  = labels(39)
 ! Time = 1.20s, Average fail depth = 13, Memory usage = 8.4 MB
 ! Current bound is 9 (gap is 12.50%)
 !          Best Branches  Non-fixed    W       Branch decision
               8    97000          8    4         5 != labels(34)
               8     100k         21    5         3 != labels(8)
               8     102k         17    7        32 != labels(11)
               8     101k         15    8   F    37  = labels(26)
               8     103k         12    2   F    14  = labels(22)
               8    97000         26    3   F    46 != labels(42)
               8    98000          8    4   F     1 != labels(47)
               8     101k         19    5        20  = labels(42)
               8    98000         16    6            -
               8     103k         18    7   F    23  = labels(7)
               8     102k         15    8            -
               8     104k          4    2        13  = labels(45)
               8    98000         32    3   F     2  = labels(39)
               8     102k         20    5        43 != labels(36)
               8    99000         16    6   F    18  = labels(19)
               8     104k         17    7        13 != labels(30)
               8    88000         22    1            -
               8     105k         13    2        11 != labels(14)
               8    99000         20    3        36  = labels(18)
               8    99000         32    4   F    39  = labels(26)
 ! Time = 1.22s, Average fail depth = 13, Memory usage = 8.4 MB
 ! Current bound is 9 (gap is 12.50%)
 !          Best Branches  Non-fixed    W       Branch decision
               8     103k         15    5   F    14  = labels(37)
               8     100k         14    6        22  = labels(31)
               8     105k         20    7        28  = labels(21)
               8     103k         20    8            -
               8     106k         13    2   F     2  = labels(21)
               8     100k         19    4   F    28  = labels(31)
               8     104k         18    5        26  = labels(39)
               8     101k         21    6   F     1 != labels(29)
               8     106k          4    7   F    32  = labels(8)
               8     104k         23    8        10 != labels(15)
               8     107k          7    2   F    12  = labels(7)
               8     100k         23    3        24 != labels(31)
               8     101k         19    4   F    35  = labels(10)
               8     102k         21    6        28 != labels(13)
               8     107k         31    7         4 != labels(21)
               8     108k         13    2   F    11  = labels(14)
               8     101k         24    3   F    39 != labels(47)
               8     102k         29    4        23  = labels(39)
               8     105k         32    5         6  = labels(8)
               8     103k         26    6            -
 ! Time = 1.25s, Average fail depth = 13, Memory usage = 8.4 MB
 ! Current bound is 9 (gap is 12.50%)
 !          Best Branches  Non-fixed    W       Branch decision
               8     108k         32    7   F    18 != labels(8)
               8     105k         16    8        43  = labels(27)
               8    89000         30    1   F    39 != labels(21)
               8     109k         15    2        41 != labels(20)
               8     102k         23    3   F    39 != labels(29)
               8     103k         23    4   F    15 != labels(25)
               8     106k         17    5        32  = labels(13)
               8     104k         30    6   F    12  = labels(14)
               8     106k         16    8   F    33  = labels(42)
               8    90000         12    1   F    43  = labels(15)
               8     110k         30    2   F    17 != labels(7)
               8     103k         22    3   F    35  = labels(47)
               8     104k         24    4   F    23  = labels(3)
               8     107k         31    5        47 != labels(12)
               8     105k         17    6        29  = labels(12)
               8     109k         30    7   F     2  = labels(8)
               8     107k         28    8        31 != labels(12)
               8    91000         16    1   F    14  = labels(35)
               8     111k          2    2   F    11 != labels(26)
               8     104k         20    3   F    30  = labels(21)
 ! Time = 1.29s, Average fail depth = 13, Memory usage = 8.4 MB
 ! Current bound is 9 (gap is 12.50%)
 !          Best Branches  Non-fixed    W       Branch decision
               8     105k         28    4   F    15  = labels(13)
               8     108k         28    5   F    38  = labels(39)
               8     110k         31    7        14 != labels(26)
               8     108k         29    8        23  = labels(3)
               8    92000         16    1   F     9  = labels(37)
               8     112k         19    2   F    13  = labels(4)
               8     105k         15    3        34 != labels(4)
               8     106k         28    4   F    43  = labels(42)
               8     109k         17    5        15 != labels(18)
               8     111k         25    7   F    16  = labels(26)
               8     109k         19    8        11 != labels(14)
               8    93000         18    1        12 != labels(14)
               8     106k         15    3        11 != labels(31)
               8     106k         19    6        36  = labels(12)
               8     112k         33    7   F    13  = labels(26)
               8     110k         19    8   F    38  = labels(27)
               8    94000         18    1        34 != labels(18)
               8     113k         23    2   F     6  = labels(8)
               8     107k         25    3   F     3  = labels(20)
               8     107k         25    4   F    27  = labels(31)
 ! Time = 1.31s, Average fail depth = 13, Memory usage = 8.4 MB
 ! Current bound is 9 (gap is 12.50%)
 !          Best Branches  Non-fixed    W       Branch decision
               8     107k         15    6   F    44  = labels(10)
               8     113k         33    7   F    36  = labels(7)
               8    95000         17    1   F    36 != labels(26)
               8     108k         28    3   F    33  = labels(31)
               8     108k         19    4        24 != labels(1)
               8     110k         15    5   F    21  = labels(29)
               8     108k         21    6        29 != labels(41)
               8     114k         31    7   F    15  = labels(13)
               8     111k         15    8   F    28  = labels(26)
               8    96000         24    1   F    39  = labels(31)
               8     114k         18    2        14 != labels(8)
               8     109k         24    3   F    13  = labels(31)
               8     109k         17    4   F    21  = labels(47)
               8     111k         21    5   F    39  = labels(8)
               8     109k         20    6   F    37  = labels(26)
               8     115k         17    7   F    34  = labels(31)
               8     112k         27    8   F    32  = labels(10)
               8    97000         15    1        37 != labels(13)
               8     115k         16    2   F    27  = labels(21)
               8     110k         19    3   F    39  = labels(12)
 ! Time = 1.36s, Average fail depth = 13, Memory usage = 8.4 MB
 ! Current bound is 9 (gap is 12.50%)
 !          Best Branches  Non-fixed    W       Branch decision
               8     110k         26    4         7 != labels(47)
               8     116k         18    7        11 != labels(12)
               8    98000         15    1        38 != labels(26)
               8     116k         20    2   F    27  = labels(10)
               8     111k         33    3        36 != labels(8)
               8     111k         20    4   F    22  = labels(7)
               8     112k         11    5   F    34  = labels(32)
               8     110k         20    6   F    39 != labels(4)
               8     117k         18    7        30  = labels(15)
               8     113k         16    8        11 != labels(10)
               8    99000          3    1   F    33  = labels(39)
               8     112k         30    3            -
               8     112k         20    4   F     9  = labels(47)
               8     113k         22    5   F    27  = labels(31)
               8     118k         16    7   F     9  = labels(7)
               8     114k         18    8   F    21 != labels(44)
               8     100k         16    1   F    25 != labels(8)
               8     117k         22    2   F    12  = labels(26)
               8     113k         28    3        20 != labels(7)
               8     114k         25    5   F    16  = labels(31)
 ! Time = 1.38s, Average fail depth = 13, Memory usage = 8.4 MB
 ! Current bound is 9 (gap is 12.50%)
 !          Best Branches  Non-fixed    W       Branch decision
               8     111k         20    6   F    41  = labels(48)
               8     119k         16    7        13 != labels(33)
               8     115k         22    8        30 != labels(26)
               8     101k          6    1   F    32 != labels(19)
               8     118k         29    2   F    32  = labels(26)
               8     114k         29    3   F    22  = labels(21)
               8     113k         24    4         7  = labels(3)
               8     115k         26    5        27 != labels(29)
               8     120k         16    7   F    41  = labels(8)
               8     116k         20    8            -
               8     102k          2    1        38 != labels(39)
               8     119k         22    2        12 != labels(14)
               8     115k         24    3   F    30 != labels(21)
               8     114k         29    4   F    43  = labels(7)
               8     116k         19    5        19  = labels(7)
               8     112k         16    6        12  = labels(18)
               8     121k         16    7        35 != labels(31)
               8     117k         23    8   F        -
               8     103k         31    1        45 != labels(7)
               8     120k         33    2         6 != labels(26)
 ! Time = 1.42s, Average fail depth = 13, Memory usage = 8.4 MB
 ! Current bound is 9 (gap is 12.50%)
 !          Best Branches  Non-fixed    W       Branch decision
               8     116k         32    3        28 != labels(21)
               8     115k         25    4   F    11  = labels(21)
               8     117k         21    5         6 != labels(20)
               8     113k         17    6   F    14  = labels(12)
               8     122k         16    7   F    16  = labels(12)
               8     118k         22    8            -
               8     104k         18    1   F    20  = labels(39)
               8     121k         37    2   F    27  = labels(7)
               8     117k         17    3        13 != labels(31)
               8     116k         22    4        28 != labels(31)
               8     118k         24    5   F     6 != labels(5)
               8     114k         15    6            -
               8     123k          6    7   F     6  = labels(36)
               8     119k         18    8   F    25  = labels(29)
               8     105k         16    1        43  = labels(24)
               8     118k         27    3   F    22  = labels(37)
               8     117k         24    4   F    36  = labels(39)
               8     119k         21    5   F    27  = labels(31)
               8     115k         16    6            -
               8     120k         23    8   F    33  = labels(36)
 ! Time = 1.45s, Average fail depth = 13, Memory usage = 8.4 MB
 ! Current bound is 9 (gap is 12.50%)
 !          Best Branches  Non-fixed    W       Branch decision
               8     106k          6    1   F    23  = labels(10)
               8     122k         35    2   F    41  = labels(10)
               8     119k         27    3   F    18  = labels(39)
               8     118k         21    4   F    36 != labels(8)
               8     120k         28    5            -
               8     116k         20    6        35 != labels(10)
               8     124k          3    7   F    39 != labels(8)
               8     121k         17    8        32  = labels(4)
               8     107k         13    1   F     2  = labels(44)
               8     123k         15    2        17 != labels(10)
               8     119k         32    4   F    15  = labels(7)
               8     117k         20    6   F    29  = labels(21)
               8     125k         30    7        24 != labels(26)
               8     122k         21    8        46  = labels(31)
               8     108k          3    1        31 != labels(1)
               8     124k         15    2        38  = labels(29)
               8     120k         15    3        38 != labels(39)
               8     120k         32    4        35 != labels(8)
               8     121k         23    5        36 != labels(26)
               8     118k         20    6        40 != labels(7)
 ! Time = 1.47s, Average fail depth = 13, Memory usage = 8.4 MB
 ! Current bound is 9 (gap is 12.50%)
 !          Best Branches  Non-fixed    W       Branch decision
               8     126k         33    7        20 != labels(13)
               8     123k         18    8        14 != labels(26)
               8     109k         10    1        29 != labels(8)
               8     125k         17    2   F    31  = labels(31)
               8     121k         24    3        25 != labels(27)
               8     122k         16    5   F    44  = labels(8)
               8     119k         19    6   F    34  = labels(43)
               8     124k         26    8         3  = labels(2)
               8     110k         28    1         3 != labels(31)
               8     126k         18    2        38 != labels(10)
               8     122k         21    3   F    32 != labels(3)
               8     121k         32    4   F     9  = labels(5)
               8     123k         21    5   F    11  = labels(7)
               8     120k         19    6        41 != labels(6)
               8     127k         29    7        34 != labels(8)
               8     125k         19    8        36 != labels(9)
               8     111k         26    1        19 != labels(29)
               8     127k         13    2        17 != labels(21)
               8     123k         19    3            -
               8     124k         13    5   F    47  = labels(47)
 ! Time = 1.49s, Average fail depth = 13, Memory usage = 8.4 MB
 ! Current bound is 9 (gap is 12.50%)
 !          Best Branches  Non-fixed    W       Branch decision
               8     121k         20    6            -
               8     128k         30    7   F    11  = labels(13)
               8     122k         32    4        40 != labels(31)
               8     125k         10    5        36 != labels(1)
               8     122k         17    6        27 != labels(26)
               8     129k         31    7   F    23  = labels(21)
               8     126k         19    8   F    20  = labels(25)
               8     112k          8    1        26 != labels(17)
               8     128k         17    2        15  = labels(38)
               8     124k         26    3   F    13  = labels(13)
               8     123k         45    4        34 != labels(31)
               8     126k         14    5         4 != labels(13)
               8     123k         22    6        26 != labels(13)
               8     130k         22    7        19 != labels(39)
               8     113k         12    1   F    22 != labels(31)
               8     129k         16    2   F    25  = labels(21)
               8     125k         18    3   F    25  = labels(7)
               8     124k         34    4   F    37 != labels(21)
               8     127k         30    5   F        -
               8     124k         30    6   F    33  = labels(26)
 ! Time = 1.54s, Average fail depth = 13, Memory usage = 8.5 MB
 ! Current bound is 9 (gap is 12.50%)
 !          Best Branches  Non-fixed    W       Branch decision
               8     131k         24    7        40 != labels(10)
               8     127k         21    8   F    13  = labels(10)
               8     114k         26    1   F     5 != labels(10)
               8     130k          6    2        32 != labels(47)
               8     125k         34    4   F    26  = labels(7)
               8     128k         18    5   F    14  = labels(6)
               8     125k         18    6         1 != labels(11)
               8     132k         28    7        45 != labels(48)
               8     128k         17    8        39 != labels(40)
               8     115k         21    1   F     4 != labels(10)
               8     131k         30    2        34  = labels(26)
               8     126k         34    4        41 != labels(39)
               8     129k         16    5   F    17 != labels(26)
               8     133k         25    7        38  = labels(13)
               8     129k         30    8   F    24  = labels(10)
               8     116k         26    1   F     2  = labels(10)
               8     126k         11    3         2 != labels(10)
               8     127k         34    4        27 != labels(22)
               8     126k         24    6        14 != labels(8)
               8     134k         30    7        33 != labels(26)
 ! Time = 1.56s, Average fail depth = 13, Memory usage = 8.5 MB
 ! Current bound is 9 (gap is 12.50%)
 !          Best Branches  Non-fixed    W       Branch decision
               8     130k         28    8   F    48 != labels(24)
               8     117k         30    1   F    32  = labels(26)
               8     132k         31    2   F    21  = labels(29)
               8     127k         20    3   F    30  = labels(20)
               8     128k         35    4        21 != labels(44)
               8     130k         20    5         2 != labels(29)
               8     127k         19    6   F    13 != labels(7)
               8     135k         33    7        47 != labels(42)
               8     131k         19    8            -
               8     118k         27    1   F    35  = labels(39)
               8     133k         20    2        15  = labels(25)
               8     128k         24    3   F        -
               8     129k         35    4   F    41  = labels(10)
               8     128k         23    6        27 != labels(47)
               8     132k         25    8   F    18  = labels(19)
               8     119k         26    1   F     3  = labels(21)
               8     134k         20    2   F     5 != labels(32)
               8     129k         27    3        46 != labels(15)
               8     130k         36    4   F    14  = labels(26)
               8     131k         18    5   F     6  = labels(35)
 ! Time = 1.59s, Average fail depth = 13, Memory usage = 8.5 MB
 ! Current bound is 9 (gap is 12.50%)
 !          Best Branches  Non-fixed    W       Branch decision
               8     129k         17    6   F    10  = labels(13)
               8     136k         20    7   F    32  = labels(31)
               8     133k         19    8   F    17  = labels(34)
               8     120k         33    1        30 != labels(31)
               8     135k         18    2   F    35  = labels(7)
               8     130k         17    3   F     1  = labels(13)
 *             9     136k  1.59s        7      (gap is 0.00%)
 ! ----------------------------------------------------------------------------
 ! Search completed, 2 solutions found.
 ! Best objective         : 9 (optimal - effective tol. is 0)
 ! Best bound             : 9
 ! ----------------------------------------------------------------------------
 ! Number of branches     : 1046916
 ! Number of fails        : 503996
 ! Total memory usage     : 11.1 MB (10.7 MB CP Optimizer + 0.4 MB Concert)
 ! Time spent in solve    : 1.59s (1.59s engine + 0.00s extraction)
 ! Search speed (br. / s) : 658437.7
 ! ----------------------------------------------------------------------------

<<< solve


OBJECTIVE: 9
Objective value (b): 9
Labels:  [32 36 27 17 14 34 19 28 45 48 6 20 2 12 8 42 33 44 43 37 1 22 25 5 38 21 40
     26 30 41 39 15 4 46 9 31 35 18 10 23 13 11 3 29 7 16 47 24]
Vertex with maximum degree: 14

<<< post process


<<< done


<<< engine log: 3/D-bcsstk01-ver1.out

[runlim] end:			Tue Oct  8 10:50:09 2024
[runlim] status:		ok
[runlim] result:		0
[runlim] children:		0
[runlim] real:			2.28 seconds
[runlim] time:			10.08 seconds
[runlim] space:			46.8 MB
[runlim] samples:		16
