[runlim] version:		1.10
[runlim] time limit:		311040000 seconds
[runlim] real time limit:	1800 seconds
[runlim] space limit:		30000 MB
[runlim] argv[0]:		oplrun
[runlim] argv[1]:		-l
[runlim] argv[2]:		3/F-curtis54-ver1.out
[runlim] argv[3]:		CP-CPLEX.mod
[runlim] argv[4]:		F-curtis54.dat
[runlim] start:			Tue Oct  8 10:50:24 2024
[runlim] main pid:		3293
[runlim] log captured:

<<< setup


<<< generate

 ! --------------------------------------------------- CP Optimizer 22.1.1.0 --
 ! Maximization problem - 55 variables, 128 constraints
 ! TimeLimit            = 1800
 ! Initial process time : 0.00s (0.00s extraction + 0.00s propagation)
 !  . Log search space  : 310.8 (before), 310.8 (after)
 !  . Memory usage      : 370.0 kB (before), 370.0 kB (after)
 ! Using parallel search with 8 workers.
 ! ----------------------------------------------------------------------------
 !          Best Branches  Non-fixed    W       Branch decision
                        0         55                 -
 + New bound is 13
                     1000         18    1         1  = labels(26)
                     1000         25    2        38 != labels(41)
                     1000         21    3   F    15  = labels(6)
                     1000          9    4        53 != labels(52)
                     1000         13    5        29 != labels(20)
                     1000         20    6        22  = labels(28)
                     1000         10    7   F     6  = labels(17)
                     1000         17    8        34  = labels(8)
                     2000         11    3        36 != labels(8)
                     2000         18    4         8 != labels(18)
                     2000         20    5   F     1  = labels(1)
                     2000         18    7   F    34  = labels(25)
                     2000          4    2   F    18  = labels(35)
                     2000         11    6        23 != labels(39)
                     2000         11    8        21 != labels(38)
                     2000         11    1   F    12  = labels(13)
                     3000          8    4   F    40  = labels(11)
 *            12     2492  0.06s        7      (gap is 8.33%)
              12     3000         23    3   F    16  = labels(1)
 ! Time = 0.07s, Average fail depth = 13, Memory usage = 5.7 MB
 ! Current bound is 13 (gap is 8.33%)
 !          Best Branches  Non-fixed    W       Branch decision
              12     3000          4    5        32  = labels(53)
              12     3000         22    6         1 != labels(1)
              12     3000          3    7   F     6  = labels(33)
              12     3000         22    8        12  = labels(48)
              12     3000         10    1   F    16  = labels(51)
              12     3000          4    2        36 != labels(48)
              12     4000         16    4   F    19  = labels(18)
              12     4000         34    3        21 != labels(54)
              12     4000         16    5   F    54 != labels(3)
              12     4000         23    6   F    20  = labels(37)
              12     4000         18    7        41 != labels(35)
              12     4000         25    8        44  = labels(45)
              12     4000          2    2        54 != labels(37)
              12     5000         23    4        31 != labels(24)
              12     4000         24    1   F    46  = labels(32)
              12     5000          2    2   F    18  = labels(11)
              12     5000         26    3         5 != labels(42)
              12     5000         44    5   F    41 != labels(17)
              12     5000         24    6   F    22  = labels(34)
              12     5000         18    7   F     9  = labels(3)
 ! Time = 0.09s, Average fail depth = 13, Memory usage = 6.5 MB
 ! Current bound is 13 (gap is 8.33%)
 !          Best Branches  Non-fixed    W       Branch decision
              12     5000         23    8        46 != labels(26)
              12     6000         29    4        38 != labels(32)
              12     5000         48    1   F     1  = labels(44)
              12     6000         19    2   F    38  = labels(37)
              12     6000         22    3        46  = labels(23)
              12     7000         23    4   F    39  = labels(3)
              12     6000         19    6        36 != labels(44)
              12     6000          2    7        24 != labels(12)
              12     6000         42    8   F    41  = labels(44)
              12     7000         26    2        25 != labels(4)
              12     7000         20    3        47 != labels(32)
              12     8000         23    4   F    37  = labels(32)
              12     6000         45    5   F    29  = labels(44)
              12     7000         46    6   F    26  = labels(39)
              12     7000         28    8            -
              12     6000         39    1   F    46  = labels(21)
              12     7000         21    7   F     6  = labels(32)
              12     7000         25    1        17 != labels(33)
              12     8000         19    2   F    41  = labels(24)
              12     8000         16    3   F    41  = labels(3)
 ! Time = 0.12s, Average fail depth = 12, Memory usage = 7.2 MB
 ! Current bound is 13 (gap is 8.33%)
 !          Best Branches  Non-fixed    W       Branch decision
              12     7000         25    5   F    13  = labels(16)
              12     8000         35    6        20 != labels(1)
              12     8000         33    8   F    16  = labels(37)
              12     8000         24    1   F    32  = labels(25)
              12     9000         37    3   F     1  = labels(39)
              12     9000         44    4   F    19  = labels(44)
              12     8000         29    5   F     6  = labels(27)
              12     9000         26    6        42 != labels(7)
              12     9000         25    2        38 != labels(37)
              12     8000         50    7   F    15  = labels(3)
              12     9000         32    8   F    33  = labels(44)
              12    10000         25    3   F    27  = labels(38)
              12    10000         44    4         3 != labels(27)
              12     9000         22    5         3 != labels(17)
              12    10000         23    6            -
              12    10000         30    2        46 != labels(17)
              12    10000         38    8        32 != labels(37)
              12     9000         35    1        13 != labels(37)
              12    11000         23    3        30 != labels(43)
              12    10000         19    5   F    35  = labels(4)
 ! Time = 0.15s, Average fail depth = 11, Memory usage = 7.4 MB
 ! Current bound is 13 (gap is 8.33%)
 !          Best Branches  Non-fixed    W       Branch decision
              12    11000         21    6   F    17  = labels(32)
              12    11000         30    2   F    17  = labels(3)
              12    11000         44    4        34 != labels(13)
              12     9000         52    7        43 != labels(1)
              12    11000         31    8   F    10  = labels(46)
              12    12000         24    3        29  = labels(44)
              12    12000         51    4   F    33  = labels(13)
              12    11000         19    5   F        -
              12    12000         19    6   F    30  = labels(44)
              12    12000         16    8            -
              12    10000         34    1        18 != labels(25)
              12    13000         24    3   F    40 != labels(3)
              12    12000         27    5   F    17  = labels(39)
              12    12000         48    2   F    16  = labels(32)
              12    13000         46    4   F    21  = labels(37)
              12    10000         40    7        47 != labels(25)
              12    13000         13    8   F    50  = labels(17)
              12    14000         34    3   F    20  = labels(38)
              12    14000         44    4        39 != labels(37)
              12    13000         25    6   F    37  = labels(44)
 ! Time = 0.17s, Average fail depth = 9, Memory usage = 7.5 MB
 ! Current bound is 13 (gap is 8.33%)
 !          Best Branches  Non-fixed    W       Branch decision
              12    11000         45    7         3 != labels(44)
              12    15000         24    3   F     1  = labels(42)
              12    15000         44    4   F     4  = labels(37)
              12    13000         13    5        12  = labels(23)
              12    14000         37    6   F    21  = labels(25)
              12    14000         21    8            -
              12    11000         34    1         7 != labels(25)
              12    12000         45    7   F    13  = labels(13)
              12    13000         40    2   F     7  = labels(17)
              12    16000         24    3            -
              12    14000         13    5        24 != labels(37)
              12    15000         37    6        22 != labels(32)
              12    15000         24    8   F    21  = labels(1)
              12    12000         37    1        19 != labels(44)
              12    17000         22    3   F    23  = labels(10)
              12    16000         48    4   F    19  = labels(32)
              12    15000         23    5            -
              12    16000         23    6            -
              12    13000         25    7         2  = labels(19)
              12    16000         26    8   F    35  = labels(32)
 ! Time = 0.21s, Average fail depth = 9, Memory usage = 7.1 MB
 ! Current bound is 13 (gap is 8.33%)
 !          Best Branches  Non-fixed    W       Branch decision
              12    13000         49    1        15 != labels(32)
              12    14000         40    2        47 != labels(3)
              12    17000         48    4        16 != labels(1)
              12    16000         32    5        35 != labels(39)
              12    17000         24    6   F    32  = labels(39)
              12    14000         21    7        28 != labels(1)
              12    17000         43    8   F     1 != labels(3)
              12    14000         44    1        53 != labels(18)
              12    15000         21    2   F     2  = labels(3)
              12    17000         33    5        31 != labels(32)
              12    18000         39    6   F    16  = labels(9)
              12    15000         35    7        26  = labels(13)
              12    18000         20    8        35 != labels(44)
              12    16000         26    2   F    17  = labels(27)
              12    18000         21    3        33  = labels(40)
              12    18000         37    4        43 != labels(46)
              12    18000         29    5   F    23  = labels(25)
              12    16000         40    7        52  = labels(48)
              12    19000         19    8   F    15  = labels(25)
              12    15000         45    1   F    35  = labels(25)
 ! Time = 0.24s, Average fail depth = 9, Memory usage = 7.2 MB
 ! Current bound is 13 (gap is 8.33%)
 !          Best Branches  Non-fixed    W       Branch decision
              12    19000         25    3   F    16  = labels(39)
              12    19000         21    4   F    19  = labels(29)
              12    17000         29    2        20 != labels(1)
              12    20000         24    3        44 != labels(1)
              12    20000         26    4         3 != labels(41)
              12    19000         22    5         7 != labels(16)
              12    19000         24    6   F     2 != labels(16)
              12    20000         23    8        24  = labels(24)
              12    16000         29    1        37 != labels(13)
              12    18000         41    2   F    25  = labels(39)
              12    21000         25    3   F    27  = labels(25)
              12    21000         22    4   F    28  = labels(39)
              12    20000         18    5            -
              12    20000         37    6        25 != labels(37)
              12    17000         40    7   F    24  = labels(13)
              12    21000         18    8   F    41  = labels(1)
              12    17000         26    1        16 != labels(37)
              12    19000         42    2   F    41  = labels(17)
              12    22000         37    3        10 != labels(41)
              12    22000         24    4        17 != labels(29)
 ! Time = 0.27s, Average fail depth = 9, Memory usage = 7.3 MB
 ! Current bound is 13 (gap is 8.33%)
 !          Best Branches  Non-fixed    W       Branch decision
              12    21000         22    5            -
              12    21000         25    6   F        -
              12    18000         47    7        38  = labels(17)
              12    22000         29    8   F    16  = labels(44)
              12    18000         25    1   F    36  = labels(37)
              12    23000         24    4   F    53  = labels(31)
              12    22000         18    6   F    34  = labels(27)
              12    19000         47    7        16 != labels(3)
              12    19000         29    1   F    16  = labels(32)
              12    23000         41    3   F     4 != labels(3)
              12    24000         23    4   F    35  = labels(32)
              12    22000         21    5   F    37  = labels(21)
              12    20000         49    1   F    47  = labels(32)
              12    20000         41    2   F    41  = labels(1)
              12    21000         52    2   F    41  = labels(1)
              12    25000         43    4        25  = labels(3)
              12    23000         28    5   F    19  = labels(6)
              12    23000         15    6        33 != labels(25)
              12    20000         28    7   F    45  = labels(37)
              12    23000         27    8   F    10  = labels(19)
 ! Time = 0.29s, Average fail depth = 8, Memory usage = 7.3 MB
 ! Current bound is 13 (gap is 8.33%)
 !          Best Branches  Non-fixed    W       Branch decision
              12    24000         16    3   F    22  = labels(3)
              12    26000         23    4   F    36  = labels(1)
              12    24000         23    5        33 != labels(39)
              12    24000         23    6   F    21  = labels(15)
              12    21000         42    7   F    30  = labels(13)
              12    24000         37    8   F    14  = labels(45)
              12    21000         40    1            -
              12    22000         46    2        17  = labels(18)
              12    25000         36    3        22 != labels(13)
              12    27000         17    4   F    41  = labels(28)
              12    25000         29    5        36 != labels(13)
              12    25000         23    6   F    39  = labels(16)
              12    25000         29    8        33 != labels(33)
              12    23000         39    2   F    40 != labels(17)
              12    26000         21    8   F    26  = labels(17)
              12    24000         39    2        49 != labels(13)
              12    26000         46    3         1 != labels(32)
              12    28000         20    4   F    38  = labels(1)
              12    26000         17    5   F    31  = labels(44)
              12    26000         21    6   F    23  = labels(15)
 ! Time = 0.32s, Average fail depth = 8, Memory usage = 7.3 MB
 ! Current bound is 13 (gap is 8.33%)
 !          Best Branches  Non-fixed    W       Branch decision
              12    22000         44    7        52 != labels(3)
              12    27000         43    8   F    33  = labels(37)
              12    22000         22    1   F     6  = labels(47)
              12    27000         23    3            -
              12    29000         23    4        40 != labels(3)
              12    27000         33    5            -
              12    27000         16    6        19 != labels(44)
              12    23000         44    7        45 != labels(25)
              12    25000         23    2   F    13  = labels(52)
              12    28000         23    3   F    32  = labels(1)
              12    30000         23    4        11 != labels(13)
              12    28000         17    5   F    34  = labels(3)
              12    28000         32    6            -
              12    28000         28    8        45 != labels(17)
              12    26000         19    2         4 != labels(52)
              12    24000         44    7   F    19  = labels(13)
              12    29000         21    8        10 != labels(17)
              12    27000         20    2   F    39  = labels(34)
              12    29000         24    3   F     4 != labels(39)
              12    31000          9    4        46 != labels(21)
 ! Time = 0.34s, Average fail depth = 8, Memory usage = 7.4 MB
 ! Current bound is 13 (gap is 8.33%)
 !          Best Branches  Non-fixed    W       Branch decision
              12    29000         25    5   F        -
              12    29000         21    6   F    40 != labels(26)
              12    25000         47    7   F    53  = labels(13)
              12    30000         27    8   F    29  = labels(17)
              12    23000         16    1   F    34  = labels(39)
              12    30000         24    3        31 != labels(37)
              12    32000         10    4   F    14  = labels(22)
              12    30000         24    5   F    23  = labels(11)
              12    30000         21    6        45 != labels(15)
              12    26000         47    7   F    35  = labels(13)
              12    31000         21    8   F     1  = labels(13)
              12    24000         26    1         6 != labels(32)
              12    28000         21    2         9 != labels(27)
              12    31000         27    3   F    40  = labels(37)
              12    33000          8    4   F    20  = labels(30)
              12    31000         23    5   F    40  = labels(1)
              12    31000         25    6   F    36  = labels(1)
              12    27000         47    7        33 != labels(37)
              12    32000         19    8        39 != labels(38)
              12    25000         21    1   F    39  = labels(25)
 ! Time = 0.38s, Average fail depth = 8, Memory usage = 7.5 MB
 ! Current bound is 13 (gap is 8.33%)
 !          Best Branches  Non-fixed    W       Branch decision
              12    29000         31    2   F     3  = labels(33)
              12    32000         19    3            -
              12    34000          7    4        39  = labels(26)
              12    32000         27    5        45 != labels(3)
              12    28000         23    7        40 != labels(32)
              12    33000         19    8            -
              12    26000         26    1   F    24  = labels(33)
              12    30000         21    2   F    52 != labels(11)
              12    33000         23    3   F    21  = labels(37)
              12    35000         18    4        33 != labels(11)
              12    33000         17    5        33 != labels(3)
              12    32000         22    6        42  = labels(27)
              12    29000         21    7   F    30  = labels(37)
              12    34000         24    8   F    37  = labels(44)
              12    27000         25    1   F    35  = labels(49)
              12    31000         15    2   F    35  = labels(52)
              12    34000         38    3            -
              12    36000         26    4   F     8  = labels(37)
              12    34000         26    5        30 != labels(26)
              12    33000         29    6        23 != labels(4)
 ! Time = 0.40s, Average fail depth = 8, Memory usage = 7.5 MB
 ! Current bound is 13 (gap is 8.33%)
 !          Best Branches  Non-fixed    W       Branch decision
              12    30000         23    7   F    18  = labels(28)
              12    35000         31    8   F    40  = labels(25)
              12    28000         23    1        51  = labels(48)
              12    32000         23    2        39 != labels(38)
              12    37000         33    4        29  = labels(13)
              12    35000         19    5   F    25  = labels(51)
              12    34000         27    6         8 != labels(16)
              12    31000         22    7   F    30  = labels(32)
              12    36000         22    8            -
              12    29000         22    1        45 != labels(49)
              12    33000         27    2        32 != labels(32)
              12    35000         22    3   F    15 != labels(1)
              12    38000          4    4        41 != labels(16)
              12    36000         18    5   F    27  = labels(32)
              12    35000         22    6   F    38  = labels(25)
              12    32000         23    7   F    18  = labels(16)
              12    30000         21    1   F    38  = labels(25)
              12    36000         20    3        25  = labels(36)
              12    39000          8    4   F     8 != labels(34)
              12    37000         43    5        28 != labels(3)
 ! Time = 0.43s, Average fail depth = 8, Memory usage = 7.5 MB
 ! Current bound is 13 (gap is 8.33%)
 !          Best Branches  Non-fixed    W       Branch decision
              12    36000         24    6   F        -
              12    33000         24    7   F    17  = labels(13)
              12    37000         34    8   F    41 != labels(3)
              12    31000         22    1   F    40  = labels(40)
              12    34000         22    2        11 != labels(3)
              12    37000         25    3        36 != labels(37)
              12    40000         12    4   F    24  = labels(13)
              12    38000         32    5   F    37  = labels(52)
              12    37000         35    6            -
              12    34000         20    7   F    38  = labels(37)
              12    38000         42    8   F     4  = labels(25)
              12    32000         22    1   F     7  = labels(16)
              12    35000         41    2   F    27  = labels(32)
              12    38000         42    3   F    11  = labels(25)
              12    41000         10    4   F    49 != labels(35)
              12    39000         34    5            -
              12    38000         23    6        23 != labels(25)
              12    35000         23    7        39 != labels(49)
              12    39000         21    8            -
              12    33000         21    1   F    54 != labels(11)
 ! Time = 0.45s, Average fail depth = 8, Memory usage = 7.5 MB
 ! Current bound is 13 (gap is 8.33%)
 !          Best Branches  Non-fixed    W       Branch decision
              12    36000         21    2   F    53 != labels(11)
              12    39000         42    3        45 != labels(1)
              12    42000          9    4   F    38  = labels(19)
              12    40000         23    5        11 != labels(6)
              12    39000         35    6        53  = labels(39)
              12    36000         23    7   F    50  = labels(11)
              12    40000         43    8   F        -
              12    34000         16    1   F    14  = labels(36)
              12    37000         26    2        34 != labels(39)
              12    43000          7    4   F    11  = labels(10)
              12    41000         30    5   F        -
              12    40000         40    6   F    33  = labels(37)
              12    37000         19    7        15 != labels(26)
              12    41000         49    8   F    20  = labels(3)
              12    35000          9    1   F    37  = labels(3)
              12    38000         24    2   F    43  = labels(3)
              12    40000         19    3        54 != labels(4)
              12    44000          4    4        24  = labels(9)
              12    42000         16    5        15 != labels(11)
              12    41000         39    6   F    43  = labels(44)
 ! Time = 0.47s, Average fail depth = 8, Memory usage = 7.5 MB
 ! Current bound is 13 (gap is 8.33%)
 !          Best Branches  Non-fixed    W       Branch decision
              12    42000         33    8   F        -
              12    36000         24    1   F     3  = labels(32)
              12    39000         22    2   F    22  = labels(17)
              12    45000          3    4        11  = labels(20)
              12    43000         15    5        36 != labels(32)
              12    42000         24    6        21 != labels(28)
              12    38000          6    7   F    11  = labels(35)
              12    43000         18    8        48 != labels(11)
              12    37000         14    1   F    15 != labels(38)
              12    41000         23    3        16 != labels(3)
              12    46000          4    4        50  = labels(35)
              12    43000         21    6        14 != labels(1)
              12    39000          8    7        46 != labels(19)
              12    44000         36    8        13  = labels(4)
              12    38000         14    1         2 != labels(15)
              12    40000         17    2        39 != labels(46)
              12    42000         30    3   F    32  = labels(32)
              12    47000          6    4         7 != labels(5)
              12    44000         27    5        21 != labels(32)
              12    40000         18    7   F    12  = labels(46)
 ! Time = 0.50s, Average fail depth = 8, Memory usage = 7.5 MB
 ! Current bound is 13 (gap is 8.33%)
 !          Best Branches  Non-fixed    W       Branch decision
              12    45000         19    8        29 != labels(34)
              12    39000         23    1   F    23  = labels(43)
              12    41000         29    2         9 != labels(1)
              12    43000         24    3         5 != labels(37)
              12    48000          7    4   F    21  = labels(16)
              12    45000         23    5        48 != labels(17)
              12    44000         27    6   F    27 != labels(44)
              12    46000         20    8   F    40  = labels(44)
              12    40000         21    1        15 != labels(38)
              12    44000         32    3   F    30  = labels(1)
              12    49000         22    4   F    38  = labels(39)
              12    46000         25    5        47 != labels(4)
              12    45000         27    6            -
              12    41000         32    7        47 != labels(25)
              12    47000         33    8   F    14 != labels(1)
              12    41000         22    1        20 != labels(25)
              12    42000         19    2   F    12  = labels(46)
              12    50000         26    4   F    27 != labels(37)
              12    47000         26    5   F    16  = labels(39)
              12    46000         27    6        35 != labels(37)
 ! Time = 0.53s, Average fail depth = 8, Memory usage = 7.5 MB
 ! Current bound is 13 (gap is 8.33%)
 !          Best Branches  Non-fixed    W       Branch decision
              12    42000         39    7        41 != labels(13)
              12    42000         36    1   F    37  = labels(25)
              12    43000          9    2        25 != labels(4)
              12    45000         25    3        22  = labels(14)
              12    51000         26    4         6 != labels(38)
              12    48000         25    5        32 != labels(39)
              12    47000         44    6   F     9  = labels(1)
              12    43000         20    7        15 != labels(29)
              12    48000         33    8            -
              12    43000         31    1        50 != labels(37)
              12    44000          9    2   F    22  = labels(37)
              12    46000         24    3         7  = labels(50)
              12    52000         21    4        34  = labels(41)
              12    49000         26    5   F     5  = labels(3)
              12    48000         17    6            -
              12    44000         14    7   F     4  = labels(16)
              12    49000         41    8   F     8  = labels(17)
              12    44000         25    1        17 != labels(43)
              12    45000         18    2        28  = labels(2)
              12    47000         39    3         6 != labels(48)
 ! Time = 0.55s, Average fail depth = 8, Memory usage = 7.5 MB
 ! Current bound is 13 (gap is 8.33%)
 !          Best Branches  Non-fixed    W       Branch decision
              12    53000         30    4   F     3  = labels(11)
              12    50000         20    5   F    40  = labels(38)
              12    49000         24    6        27  = labels(1)
              12    50000         29    8        34 != labels(44)
              12    45000         21    1        39 != labels(31)
              12    46000         19    2        29 != labels(27)
              12    48000         29    3            -
              12    54000         33    4        27 != labels(39)
              12    50000         18    6   F        -
              12    45000         30    7   F    48  = labels(1)
              12    51000         29    8   F        -
              12    46000          9    1   F    11  = labels(45)
              12    49000         19    3   F    29  = labels(37)
              12    51000         25    5        40 != labels(44)
              12    51000         40    6   F    25  = labels(37)
              12    46000          5    7        19 != labels(6)
              12    52000         28    8        32 != labels(32)
              12    47000          9    1   F    54 != labels(17)
              12    47000         30    2        23  = labels(19)
              12    50000         24    3   F    33  = labels(44)
 ! Time = 0.58s, Average fail depth = 8, Memory usage = 7.5 MB
 ! Current bound is 13 (gap is 8.33%)
 !          Best Branches  Non-fixed    W       Branch decision
              12    55000         27    4   F    37  = labels(14)
              12    52000         20    5   F    15  = labels(13)
              12    47000          2    7   F    53  = labels(13)
              12    53000         22    8   F    28  = labels(15)
              12    48000         35    1   F     4  = labels(25)
              12    48000         10    2   F     2  = labels(49)
              12    51000         28    3        31  = labels(42)
              12    56000         25    4   F     2  = labels(38)
              12    53000         28    5   F        -
              12    52000         27    6            -
              12    48000         21    7        40  = labels(50)
              12    54000         27    8   F    25  = labels(44)
              12    49000         37    1        40 != labels(37)
              12    49000         11    2        39 != labels(18)
              12    57000         39    4        38 != labels(44)
              12    54000         23    5   F    34  = labels(43)
              12    53000         27    6        51  = labels(14)
              12    49000         22    7   F    51  = labels(37)
              12    55000         22    8   F    27  = labels(39)
              12    50000         22    1        41 != labels(16)
 ! Time = 0.61s, Average fail depth = 8, Memory usage = 7.5 MB
 ! Current bound is 13 (gap is 8.33%)
 !          Best Branches  Non-fixed    W       Branch decision
              12    50000         10    2        46  = labels(31)
              12    52000         22    3   F    36  = labels(39)
              12    58000         26    4        33 != labels(44)
              12    55000         25    5            -
              12    50000         35    7   F    13  = labels(41)
              12    56000         27    8   F    39 != labels(44)
              12    51000         20    1   F    14  = labels(3)
              12    51000          4    2   F    35 != labels(10)
              12    53000         38    3        41 != labels(21)
              12    56000         33    5            -
              12    54000         26    6   F    51  = labels(1)
              12    51000         33    7         1 != labels(39)
              12    57000         38    8        16 != labels(44)
              12    52000         20    1        25 != labels(37)
              12    52000          5    2   F    27  = labels(25)
              12    54000         25    3        11 != labels(37)
              12    59000         36    4         2  = labels(49)
              12    55000         33    6   F     9  = labels(32)
              12    52000         23    7        32 != labels(25)
              12    53000         37    2   F    24  = labels(43)
 ! Time = 0.64s, Average fail depth = 8, Memory usage = 7.5 MB
 ! Current bound is 13 (gap is 8.33%)
 !          Best Branches  Non-fixed    W       Branch decision
              12    60000         21    4   F    17  = labels(47)
              12    57000         11    5        39 != labels(54)
              12    56000         29    6         3 != labels(32)
              12    53000         22    7   F    50  = labels(3)
              12    58000         25    8        38 != labels(39)
              12    53000         26    1        27 != labels(1)
              12    54000          3    2        28 != labels(17)
              12    55000         28    3         4 != labels(32)
              12    61000         26    4        30 != labels(28)
              12    58000         40    5   F    41  = labels(32)
              12    57000         36    6        46 != labels(2)
              12    54000         23    1   F    23  = labels(1)
              12    55000         27    2   F    43  = labels(32)
              12    56000         42    3   F    36  = labels(17)
              12    59000         23    5   F    39  = labels(1)
              12    58000          9    6   F        -
              12    54000         35    7        45 != labels(13)
              12    59000         25    8        38 != labels(38)
              12    55000         25    1        38 != labels(15)
              12    56000         21    2   F    39  = labels(46)
 ! Time = 0.67s, Average fail depth = 8, Memory usage = 7.5 MB
 ! Current bound is 13 (gap is 8.33%)
 !          Best Branches  Non-fixed    W       Branch decision
              12    57000         18    3        35 != labels(5)
              12    62000         23    4   F    43  = labels(17)
              12    60000         33    5        22 != labels(17)
              12    55000         26    7        47 != labels(25)
              12    56000         23    1   F    31  = labels(44)
              12    58000         27    3        18 != labels(39)
              12    63000         18    4        24 != labels(54)
              12    59000         22    6   F    40 != labels(25)
              12    56000         26    7   F     3  = labels(20)
              12    60000         18    8        13 != labels(11)
              12    57000         42    1        24  = labels(47)
              12    57000         35    2   F    14  = labels(13)
              12    59000         26    3        31 != labels(22)
              12    64000         25    4   F    17  = labels(32)
              12    61000         37    5   F    15  = labels(32)
              12    60000         24    6        42 != labels(1)
              12    57000         41    7   F    17  = labels(1)
              12    61000         16    8   F    49  = labels(39)
              12    58000         23    1        39 != labels(1)
              12    58000         23    2        38 != labels(15)
 ! Time = 0.70s, Average fail depth = 8, Memory usage = 7.5 MB
 ! Current bound is 13 (gap is 8.33%)
 !          Best Branches  Non-fixed    W       Branch decision
              12    60000         30    3            -
              12    65000         23    4        54  = labels(32)
              12    62000         25    5        38 != labels(15)
              12    61000         37    6   F    25  = labels(27)
              12    58000         22    7   F    20  = labels(49)
              12    62000         30    8   F    20  = labels(17)
              12    59000         23    1   F    40  = labels(4)
              12    59000         24    2        31 != labels(16)
              12    61000         26    3   F    35 != labels(1)
              12    66000         24    4        50 != labels(25)
              12    63000         25    5   F    28 != labels(3)
              12    62000         18    6         7 != labels(32)
              12    59000         23    7        29 != labels(53)
              12    63000         31    8   F    20  = labels(27)
              12    60000         23    1   F    39  = labels(18)
              12    60000         23    2        40 != labels(46)
              12    62000         26    3        35 != labels(1)
              12    67000         19    4        32 != labels(52)
              12    64000         22    5   F    38  = labels(38)
              12    60000         22    7   F    35  = labels(3)
 ! Time = 0.72s, Average fail depth = 8, Memory usage = 7.5 MB
 ! Current bound is 13 (gap is 8.33%)
 !          Best Branches  Non-fixed    W       Branch decision
              12    61000         23    1        17 != labels(40)
              12    61000         23    2        35 != labels(13)
              12    63000         28    3   F     9  = labels(1)
              12    68000          2    4   F    42  = labels(39)
              12    65000         12    5   F    41  = labels(1)
              12    63000         18    6   F    18  = labels(25)
              12    61000         26    7        38 != labels(22)
              12    64000         33    8   F    18  = labels(18)
              12    62000          4    1   F    39 != labels(13)
              12    62000         24    2   F    25  = labels(37)
              12    64000         21    3   F    54  = labels(17)
              12    66000         19    5   F    33  = labels(3)
              12    64000         43    6        35 != labels(37)
              12    62000         22    7        29 != labels(13)
              12    65000         30    8        42  = labels(3)
              12    63000         20    1        26  = labels(27)
              12    63000         21    2        37 != labels(13)
              12    65000         24    3   F     6  = labels(44)
              12    69000         39    4   F     1 != labels(13)
              12    67000         23    5        18  = labels(42)
 ! Time = 0.75s, Average fail depth = 8, Memory usage = 7.5 MB
 ! Current bound is 13 (gap is 8.33%)
 !          Best Branches  Non-fixed    W       Branch decision
              12    65000         26    6        52  = labels(51)
              12    63000         23    7   F    15  = labels(48)
              12    66000         24    8   F    41 != labels(44)
              12    64000         10    1   F    29  = labels(51)
              12    64000         22    2   F    17  = labels(51)
              12    66000         39    3   F     2  = labels(1)
              12    70000         39    4   F    23  = labels(37)
              12    68000         22    5   F    48  = labels(3)
              12    66000         25    6        18  = labels(13)
              12    67000         25    8   F    13  = labels(40)
              12    65000         21    1   F    20  = labels(37)
              12    67000         44    3   F    49  = labels(36)
              12    71000         28    4   F    25  = labels(52)
              12    69000         38    5            -
              12    67000         32    6   F    19  = labels(13)
              12    64000         24    7   F    32  = labels(32)
              12    68000         23    8         4 != labels(44)
              12    65000         25    2        27 != labels(44)
              12    68000         43    3        42 != labels(1)
              12    72000         28    4        26 != labels(25)
 ! Time = 0.78s, Average fail depth = 8, Memory usage = 7.5 MB
 ! Current bound is 13 (gap is 8.33%)
 !          Best Branches  Non-fixed    W       Branch decision
              12    68000         30    6   F    12  = labels(44)
              12    65000         19    7   F    14  = labels(52)
              12    69000         18    8   F     6  = labels(13)
              12    66000         23    1        20 != labels(1)
              12    66000         24    2   F    52 != labels(13)
              12    69000         24    3            -
              12    73000         42    4        35 != labels(44)
              12    70000         23    5   F    21  = labels(18)
              12    69000         50    6        50 != labels(1)
              12    66000         17    7   F    31  = labels(32)
              12    70000         23    8   F    11  = labels(17)
              12    67000         40    1        11 != labels(51)
              12    67000         26    2        51  = labels(43)
              12    70000         19    3        34 != labels(44)
              12    74000         34    4        20 != labels(44)
              12    71000         22    5   F    40  = labels(28)
              12    70000         21    6        31 != labels(17)
              12    67000         21    7   F     6  = labels(16)
              12    71000         30    8            -
              12    68000         17    1   F    42  = labels(13)
 ! Time = 0.81s, Average fail depth = 8, Memory usage = 7.5 MB
 ! Current bound is 13 (gap is 8.33%)
 !          Best Branches  Non-fixed    W       Branch decision
              12    68000         15    2         9 != labels(46)
              12    71000         24    3        38 != labels(37)
              12    75000         27    4        39 != labels(37)
              12    72000         22    5   F    51  = labels(44)
              12    71000         18    6         7 != labels(44)
              12    72000         22    8   F    41  = labels(25)
              12    69000         18    1         7 != labels(31)
              12    69000          5    2   F    39  = labels(43)
              12    72000         36    3   F    42  = labels(11)
              12    76000         31    4   F    30  = labels(1)
              12    73000         21    5            -
              12    72000         46    6   F    47  = labels(1)
              12    68000         14    7         4  = labels(6)
              12    73000         34    8   F    17  = labels(34)
              12    70000         21    2        46 != labels(3)
              12    73000         40    3            -
              12    77000         20    4   F     1 != labels(37)
              12    74000         40    5   F    18  = labels(3)
              12    73000         13    6   F    28  = labels(51)
              12    69000         19    7        42  = labels(6)
 ! Time = 0.82s, Average fail depth = 8, Memory usage = 7.5 MB
 ! Current bound is 13 (gap is 8.33%)
 !          Best Branches  Non-fixed    W       Branch decision
              12    74000         28    8         9  = labels(53)
              12    70000         29    1   F     1  = labels(1)
              12    71000         42    2        33 != labels(39)
              12    78000         39    4         6 != labels(44)
              12    75000         35    5            -
              12    70000         21    7   F    46  = labels(25)
              12    75000         23    8   F    19  = labels(8)
              12    71000         41    1         5 != labels(27)
              12    72000         20    2        38 != labels(13)
              12    74000         24    3   F    44  = labels(25)
              12    79000         23    4   F    40  = labels(45)
              12    76000         23    5        53 != labels(39)
              12    74000         38    6        34 != labels(40)
              12    71000         30    7        29 != labels(32)
              12    76000         24    8   F    38  = labels(33)
              12    72000         19    1   F    40  = labels(1)
              12    73000         20    2        10 != labels(16)
              12    75000         26    3        20 != labels(31)
              12    80000         23    4   F    23  = labels(39)
              12    77000         32    5        13 != labels(22)
 ! Time = 0.84s, Average fail depth = 8, Memory usage = 7.5 MB
 ! Current bound is 13 (gap is 8.33%)
 !          Best Branches  Non-fixed    W       Branch decision
              12    75000         18    6   F        -
              12    72000         21    7   F    40  = labels(7)
              12    77000         32    8        53 != labels(28)
              12    73000         18    1        18 != labels(37)
              12    74000         23    2   F    20  = labels(49)
              12    76000         25    3   F    38  = labels(25)
              12    81000         43    4   F     5  = labels(44)
              12    78000         18    5        18  = labels(17)
              12    76000         24    6   F    25  = labels(13)
              12    73000         18    7   F     7  = labels(16)
              12    74000          3    1   F    29  = labels(39)
              12    75000         21    2        40 != labels(32)
              12    77000         24    3   F     6  = labels(39)
              12    77000         23    6   F    44  = labels(25)
              12    74000         18    7        21 != labels(44)
              12    78000         29    8        29 != labels(3)
              12    75000         36    1        40 != labels(44)
              12    76000         21    2        17 != labels(38)
              12    78000         27    3        10 != labels(28)
              12    82000         45    4        24 != labels(44)
 ! Time = 0.88s, Average fail depth = 8, Memory usage = 7.5 MB
 ! Current bound is 13 (gap is 8.33%)
 !          Best Branches  Non-fixed    W       Branch decision
              12    79000         14    5   F        -
              12    78000         39    6            -
              12    75000         10    7   F    51  = labels(16)
              12    79000         25    8   F    40  = labels(15)
              12    79000         42    3         7 != labels(32)
              12    80000         34    5        10 != labels(39)
              12    79000         22    6   F    11  = labels(34)
              12    76000          3    7   F    13  = labels(25)
              12    80000         25    8        53 != labels(25)
              12    76000         39    1        29  = labels(37)
              12    83000         39    4   F    52 != labels(11)
              12    81000         36    5        48  = labels(22)
              12    80000         22    6   F    23  = labels(44)
              12    77000         39    7   F    15  = labels(25)
              12    81000         37    8   F    29  = labels(25)
              12    77000         41    1        35 != labels(3)
              12    77000         33    2   F    21  = labels(25)
              12    80000         41    3   F    54 != labels(11)
              12    82000         26    5            -
              12    81000         26    6   F        -
 ! Time = 0.91s, Average fail depth = 8, Memory usage = 7.5 MB
 ! Current bound is 13 (gap is 8.33%)
 !          Best Branches  Non-fixed    W       Branch decision
              12    78000         40    7   F    29  = labels(13)
              12    78000         24    1        17 != labels(17)
              12    78000         41    2        48 != labels(32)
              12    81000         44    3   F    40 != labels(44)
              12    84000         39    4         2 != labels(32)
              12    83000         28    5   F    15  = labels(44)
              12    82000         42    6        39 != labels(32)
              12    79000         39    7        52 != labels(13)
              12    82000         24    8        29 != labels(43)
              12    79000         21    1        39 != labels(36)
              12    79000         20    2        40 != labels(49)
              12    82000         23    3   F    39  = labels(17)
              12    85000         45    4         2 != labels(32)
              12    83000         33    6   F    40  = labels(44)
              12    83000         24    8   F    22  = labels(3)
              12    80000         19    2        14 != labels(39)
              12    83000         25    3   F    34  = labels(25)
              12    84000         32    5   F    40  = labels(32)
              12    84000         17    6            -
              12    80000         42    7   F    31  = labels(32)
 ! Time = 0.93s, Average fail depth = 8, Memory usage = 7.4 MB
 ! Current bound is 13 (gap is 8.33%)
 !          Best Branches  Non-fixed    W       Branch decision
              12    86000         40    4        37 != labels(17)
              12    85000         22    5   F    15  = labels(44)
              12    81000         30    7         3 != labels(19)
              12    80000         21    1   F    19  = labels(39)
              12    84000         22    3   F     4  = labels(1)
              12    86000         37    5   F    20  = labels(32)
              12    85000         20    6        22 != labels(37)
              12    82000         42    7   F    53  = labels(25)
              12    84000         24    8   F    52  = labels(54)
              12    81000         26    1        38 != labels(49)
              12    85000         23    3            -
              12    87000         44    4        51 != labels(17)
              12    87000         22    5        40 != labels(44)
              12    86000         16    6   F     4  = labels(32)
              12    83000         42    7        36 != labels(44)
              12    85000         38    8   F    14  = labels(20)
              12    82000         23    1        31 != labels(39)
              12    81000         20    2        45 != labels(16)
              12    86000         42    3        26 != labels(25)
              12    88000         47    4   F    46  = labels(39)
 ! Time = 0.97s, Average fail depth = 8, Memory usage = 7.6 MB
 ! Current bound is 13 (gap is 8.33%)
 !          Best Branches  Non-fixed    W       Branch decision
              12    88000         42    5   F    47  = labels(44)
              12    87000         47    6        18 != labels(3)
              12    84000         20    7   F    21  = labels(26)
              12    86000         24    8   F     9  = labels(29)
              12    83000         21    1        15 != labels(22)
              12    82000         35    2   F    44  = labels(15)
              12    87000         22    3        25 != labels(8)
              12    89000         41    4        50 != labels(17)
              12    89000         25    5   F        -
              12    88000         22    6        40 != labels(3)
              12    85000         26    7   F    31  = labels(43)
              12    87000         20    8        54 != labels(44)
              12    84000         21    1   F    49  = labels(3)
              12    83000         35    2   F    33  = labels(13)
              12    88000         25    3        40 != labels(54)
              12    90000         47    4         4 != labels(39)
              12    90000         26    5        31 != labels(27)
              12    89000         24    6   F    29  = labels(13)
              12    86000         23    7        40 != labels(32)
              12    85000         22    1   F    17  = labels(32)
 ! Time = 1.00s, Average fail depth = 8, Memory usage = 7.6 MB
 ! Current bound is 13 (gap is 8.33%)
 !          Best Branches  Non-fixed    W       Branch decision
              12    84000         34    2         9 != labels(17)
              12    89000         41    3   F     2  = labels(49)
              12    91000         52    4        33 != labels(39)
              12    90000         38    6         4 != labels(37)
              12    87000         21    7        40 != labels(17)
              12    88000         16    8         7 != labels(51)
              12    86000         21    1        43  = labels(16)
              12    85000         22    2        40 != labels(52)
              12    90000         29    3         9 != labels(37)
              12    92000         45    4        47  = labels(1)
              12    91000         23    5        14  = labels(1)
              12    91000         36    6        51 != labels(13)
              12    88000         21    7        44 != labels(13)
              12    87000         21    1        14 != labels(17)
              12    86000         22    2        14 != labels(43)
              12    91000         22    3   F    17  = labels(44)
              12    93000         44    4        43 != labels(1)
              12    92000         21    5   F     3  = labels(32)
              12    89000         22    7        16 != labels(47)
              12    89000         16    8   F    11  = labels(20)
 ! Time = 1.03s, Average fail depth = 8, Memory usage = 7.7 MB
 ! Current bound is 13 (gap is 8.33%)
 !          Best Branches  Non-fixed    W       Branch decision
              12    88000         22    1   F    41  = labels(45)
              12    87000         22    2        40 != labels(25)
              12    92000         22    3   F    28  = labels(33)
              12    94000         46    4        31 != labels(3)
              12    93000         24    5        20 != labels(44)
              12    92000         33    6        34  = labels(54)
              12    90000         22    7   F    19  = labels(13)
              12    90000         23    8        11 != labels(44)
              12    89000         21    1   F    18  = labels(39)
              12    88000         38    2        12 != labels(17)
              12    93000         27    3   F    12  = labels(25)
              12    95000         44    4        41 != labels(17)
              12    94000         33    5   F    40  = labels(32)
              12    93000         22    6   F    21  = labels(16)
              12    91000         22    7        16 != labels(36)
              12    91000         34    8        26  = labels(25)
              12    90000         16    1        46 != labels(16)
              12    94000         26    3            -
              12    96000         44    4        37 != labels(25)
              12    94000         11    6        19  = labels(41)
 ! Time = 1.07s, Average fail depth = 8, Memory usage = 7.6 MB
 ! Current bound is 13 (gap is 8.33%)
 !          Best Branches  Non-fixed    W       Branch decision
              12    92000         21    7        26 != labels(18)
              12    91000         18    1   F    40  = labels(7)
              12    89000         29    2   F    28 != labels(32)
              12    95000         20    3        39 != labels(1)
              12    97000         44    4        48 != labels(37)
              12    95000         34    5   F    36  = labels(44)
              12    95000         25    6   F    25  = labels(52)
              12    93000         21    7   F    36 != labels(36)
              12    92000         39    8   F    17  = labels(32)
              12    92000         18    1   F    16  = labels(44)
              12    90000         37    2   F    19  = labels(13)
              12    96000         21    3   F    18 != labels(49)
              12    98000         35    4   F    17 != labels(38)
              12    96000         24    5            -
              12    96000         24    6   F    37  = labels(17)
              12    93000         30    8        14 != labels(32)
              12    93000          4    1   F    36 != labels(1)
              12    91000         37    2        24 != labels(25)
              12    97000         21    3        30  = labels(2)
              12    99000         31    4   F    35  = labels(37)
 ! Time = 1.08s, Average fail depth = 8, Memory usage = 7.6 MB
 ! Current bound is 13 (gap is 8.33%)
 !          Best Branches  Non-fixed    W       Branch decision
              12    97000         19    5   F     1  = labels(15)
              12    94000          2    7   F    25  = labels(39)
              12    94000         30    1   F    48  = labels(3)
              12    92000         28    2        49 != labels(32)
              12    98000         30    3        53 != labels(6)
              12     100k         32    4   F    22  = labels(25)
              12    98000         26    5        32 != labels(39)
              12    95000         42    7         1  = labels(39)
              12    94000         28    8        24 != labels(32)
              12    95000         23    1        34 != labels(25)
              12    93000         40    2        54  = labels(15)
              12     101k         24    4        52 != labels(17)
              12    99000         24    5   F    26  = labels(1)
              12    97000         39    6        32 != labels(37)
              12    95000         26    8   F    15 != labels(44)
              12    96000         22    1   F    41  = labels(27)
              12    94000         23    2        17 != labels(5)
              12    99000         21    3         3  = labels(50)
              12     102k         39    4   F    31  = labels(44)
              12    98000         25    6            -
 ! Time = 1.12s, Average fail depth = 8, Memory usage = 7.6 MB
 ! Current bound is 13 (gap is 8.33%)
 !          Best Branches  Non-fixed    W       Branch decision
              12    96000         37    7   F    15  = labels(1)
              12    96000         20    8   F    12  = labels(3)
              12    97000         22    1        43 != labels(51)
              12    95000         24    2   F    39  = labels(44)
              12     100k         23    3        50  = labels(29)
              12     103k         40    4   F    39  = labels(37)
              12     100k         13    5            -
              12    97000         24    7   F    36  = labels(28)
              12    97000         20    8        19 != labels(44)
              12    98000         29    1        12 != labels(1)
              12    96000         22    2        34 != labels(39)
              12     101k         23    3        38 != labels(44)
              12     104k         39    4        33 != labels(39)
              12     101k         33    5        34 != labels(16)
              12    99000          8    6   F    52 != labels(1)
              12    98000         23    7   F     3  = labels(1)
              12    98000         25    8        20 != labels(51)
              12    99000         37    1   F    46  = labels(25)
              12    97000         43    2        10  = labels(51)
              12     105k         26    4   F    38  = labels(46)
 ! Time = 1.14s, Average fail depth = 8, Memory usage = 7.6 MB
 ! Current bound is 13 (gap is 8.33%)
 !          Best Branches  Non-fixed    W       Branch decision
              12     102k         26    5   F    28  = labels(39)
              12     100k         25    6   F    52  = labels(54)
              12    99000         25    7   F    28 != labels(45)
              12    99000         24    8            -
              12    98000         22    2        37 != labels(1)
              12     102k          8    3   F    26  = labels(37)
              12     106k         30    4   F    15  = labels(39)
              12     101k          7    6   F    40  = labels(19)
              12     100k         25    7   F    35  = labels(32)
              12     100k         35    8        36 != labels(25)
              12     100k         37    1        53 != labels(1)
              12    99000         24    2        39 != labels(25)
              12     103k         26    3        35 != labels(37)
              12     107k         35    4        37 != labels(25)
              12     103k         14    5   F    13  = labels(19)
              12     102k         22    6   F    54  = labels(39)
              12     101k         34    7   F    46  = labels(15)
              12     101k         22    1   F    38  = labels(29)
              12     100k         22    2        19 != labels(39)
              12     104k         23    3   F    53  = labels(38)
 ! Time = 1.17s, Average fail depth = 8, Memory usage = 7.6 MB
 ! Current bound is 13 (gap is 8.33%)
 !          Best Branches  Non-fixed    W       Branch decision
              12     104k         26    5   F    29  = labels(1)
              12     103k         26    6            -
              12     102k         28    7        29 != labels(32)
              12     101k         19    8   F    39  = labels(17)
              12     102k         21    1   F    15  = labels(51)
              12     101k         22    2   F    20  = labels(36)
              12     108k         47    4        23  = labels(25)
              12     105k         18    5        37 != labels(13)
              12     104k         24    6        21 != labels(48)
              12     103k         28    7         9 != labels(39)
              12     102k         36    8   F    28  = labels(18)
              12     103k         21    1   F    46  = labels(1)
              12     105k         23    3        18 != labels(26)
              12     109k         25    4   F    15  = labels(32)
              12     106k         38    5   F    22  = labels(39)
              12     105k         24    6            -
              12     103k         18    8   F    11  = labels(3)
              12     104k         37    1         8 != labels(3)
              12     102k         10    2   F    15  = labels(33)
              12     106k         23    3        36 != labels(25)
 ! Time = 1.20s, Average fail depth = 8, Memory usage = 7.6 MB
 ! Current bound is 13 (gap is 8.33%)
 !          Best Branches  Non-fixed    W       Branch decision
              12     110k         38    4        18 != labels(39)
              12     107k         38    5            -
              12     106k         15    6   F    22  = labels(36)
              12     104k         29    7   F     4  = labels(39)
              12     105k         38    1        35 != labels(32)
              12     103k          7    2        14 != labels(54)
              12     111k         31    4   F    37  = labels(39)
              12     108k         39    5        23  = labels(41)
              12     107k         15    6   F    36  = labels(44)
              12     105k         41    7   F    32  = labels(13)
              12     104k         36    8   F     7  = labels(44)
              12     106k         42    1   F    43  = labels(46)
              12     104k         22    2        37 != labels(17)
              12     107k         13    3   F     3 != labels(33)
              12     112k         30    4        22 != labels(19)
              12     105k         30    8   F     6  = labels(13)
              12     107k         37    1   F     6  = labels(1)
              12     105k         11    2   F    37  = labels(36)
              12     108k         30    3   F     8  = labels(39)
              12     113k         21    4   F    17  = labels(47)
 ! Time = 1.23s, Average fail depth = 8, Memory usage = 7.6 MB
 ! Current bound is 13 (gap is 8.33%)
 !          Best Branches  Non-fixed    W       Branch decision
              12     109k         25    5            -
              12     108k         16    6         1 != labels(30)
              12     106k         39    7   F    15  = labels(13)
              12     106k         30    8   F    44  = labels(10)
              12     108k         48    1   F    54  = labels(1)
              12     106k         11    2        26  = labels(46)
              12     109k         43    3        16 != labels(49)
              12     110k         40    5   F    29  = labels(44)
              12     109k         33    6   F    18  = labels(1)
              12     107k         20    8   F    33  = labels(3)
              12     109k         24    1        52 != labels(46)
              12     114k         21    4        11 != labels(39)
              12     111k         33    5   F     4  = labels(41)
              12     110k          9    6   F    11  = labels(44)
              12     108k         17    8            -
              12     107k         16    2   F    12 != labels(27)
              12     110k         27    3         5 != labels(39)
              12     115k         33    4         3 != labels(17)
              12     112k         39    5   F    13  = labels(6)
              12     111k         10    6        16  = labels(54)
 ! Time = 1.27s, Average fail depth = 8, Memory usage = 7.6 MB
 ! Current bound is 13 (gap is 8.33%)
 !          Best Branches  Non-fixed    W       Branch decision
              12     107k         41    7        33 != labels(25)
              12     109k         36    8   F    15  = labels(32)
              12     110k         40    1        40 != labels(1)
              12     108k         16    2        40 != labels(32)
              12     111k         34    3         8  = labels(5)
              12     116k         33    4        52 != labels(1)
              12     113k         37    5        52 != labels(44)
              12     108k         41    7   F    14 != labels(3)
              12     110k         30    8   F    14  = labels(52)
              12     111k         20    1   F     2  = labels(46)
              12     109k         21    2        14 != labels(17)
              12     117k         21    4   F    37  = labels(10)
              12     112k         23    1        40 != labels(38)
              12     110k         21    2        47  = labels(28)
              12     112k         22    3        14 != labels(21)
              12     118k         21    4   F    43  = labels(1)
              12     109k         41    7        32 != labels(13)
              12     111k         23    8        35 != labels(13)
              12     113k         23    1         9 != labels(27)
              12     111k         22    2   F     5  = labels(32)
 ! Time = 1.30s, Average fail depth = 9, Memory usage = 7.8 MB
 ! Current bound is 13 (gap is 8.33%)
 !          Best Branches  Non-fixed    W       Branch decision
              12     119k         20    4        17 != labels(27)
              12     114k         21    5   F    16  = labels(17)
              12     112k         14    6   F    15 != labels(44)
              12     110k         41    7        12 != labels(13)
              12     112k         25    8   F    28  = labels(3)
              12     114k         25    1   F    18  = labels(22)
              12     113k         12    3            -
              12     120k         24    4   F    12  = labels(1)
              12     115k         24    5            -
              12     113k         24    6         7 != labels(1)
              12     111k         41    7        11 != labels(13)
              12     113k         31    8   F    29  = labels(36)
              12     112k         11    2   F    43 != labels(31)
              12     114k         22    3   F     5  = labels(44)
              12     121k         22    4        26 != labels(25)
              12     116k         17    5        45 != labels(3)
              12     114k         31    6   F    54  = labels(37)
              12     112k         41    7        36 != labels(25)
              12     114k         28    8        13 != labels(12)
              12     115k         24    1        52 != labels(1)
 ! Time = 1.33s, Average fail depth = 9, Memory usage = 7.7 MB
 ! Current bound is 13 (gap is 8.33%)
 !          Best Branches  Non-fixed    W       Branch decision
              12     113k         10    2        32 != labels(27)
              12     115k         37    3   F    44  = labels(18)
              12     122k         23    4        40 != labels(13)
              12     117k         37    5   F    19  = labels(17)
              12     115k         10    6   F    14  = labels(18)
              12     113k         52    7        14 != labels(25)
              12     116k         22    1        45  = labels(54)
              12     114k         24    2        37 != labels(27)
              12     116k         40    3   F    18  = labels(39)
              12     123k         23    4        26 != labels(44)
              12     118k         24    5   F    11  = labels(32)
              12     115k         11    8            -
              12     117k          8    1        35 != labels(37)
              12     115k         21    2         7  = labels(16)
              12     117k         23    3        35 != labels(25)
              12     124k         22    4   F    22  = labels(8)
              12     116k         31    6   F    17  = labels(39)
              12     114k         45    7   F    38  = labels(32)
              12     116k         18    8            -
              12     118k         19    1   F    30 != labels(25)
 ! Time = 1.36s, Average fail depth = 9, Memory usage = 7.7 MB
 ! Current bound is 13 (gap is 8.33%)
 !          Best Branches  Non-fixed    W       Branch decision
              12     118k         14    3   F     5  = labels(37)
              12     125k         22    4        35 != labels(25)
              12     119k         21    5   F    31  = labels(27)
              12     115k         46    7   F     2  = labels(32)
              12     117k         22    8            -
              12     119k          2    1        31 != labels(32)
              12     119k         32    3        36 != labels(40)
              12     126k          3    4   F    34 != labels(30)
              12     120k         25    5         8 != labels(44)
              12     117k         24    6        16  = labels(40)
              12     116k         46    7        30 != labels(32)
              12     118k         26    8         5 != labels(9)
              12     120k         21    1         2 != labels(3)
              12     116k         30    2         5  = labels(38)
              12     120k         31    3        39 != labels(44)
              12     127k          3    4        37 != labels(38)
              12     121k         25    5   F        -
              12     118k         13    6        23  = labels(29)
              12     119k         23    8        14  = labels(39)
              12     121k         42    1   F     3  = labels(1)
 ! Time = 1.39s, Average fail depth = 9, Memory usage = 7.8 MB
 ! Current bound is 13 (gap is 8.33%)
 !          Best Branches  Non-fixed    W       Branch decision
              12     117k         35    2        39 != labels(25)
              12     121k         26    3   F    28  = labels(16)
              12     128k         20    4        14 != labels(23)
              12     122k         22    5   F    51  = labels(44)
              12     119k         23    6   F    34  = labels(39)
              12     117k         43    7        33 != labels(44)
              12     122k         37    1   F    53  = labels(32)
              12     118k          3    2   F    43  = labels(41)
              12     123k         23    5   F    46  = labels(52)
              12     120k         27    6        50  = labels(4)
              12     118k         38    7   F    49  = labels(25)
              12     120k         22    8   F    49  = labels(18)
              12     123k         21    1   F    50  = labels(37)
              12     119k         13    2   F    41  = labels(11)
              12     122k         25    3        32 != labels(44)
              12     129k         20    4        46  = labels(24)
              12     124k         39    5        47 != labels(44)
              12     119k         21    7   F    14  = labels(1)
              12     121k         19    8        32 != labels(15)
              12     124k         19    1   F    49  = labels(13)
 ! Time = 1.42s, Average fail depth = 9, Memory usage = 7.8 MB
 ! Current bound is 13 (gap is 8.33%)
 !          Best Branches  Non-fixed    W       Branch decision
              12     120k         29    2   F    38  = labels(46)
              12     123k         25    3   F    41 != labels(3)
              12     130k          6    4   F     3 != labels(1)
              12     125k         20    5   F    50  = labels(44)
              12     121k         25    6   F    16 != labels(44)
              12     120k         40    7   F    30  = labels(1)
              12     122k         35    8         9 != labels(44)
              12     125k         20    1        49 != labels(37)
              12     121k         21    2        40 != labels(38)
              12     124k         11    3   F    16 != labels(44)
              12     131k         21    4        16 != labels(17)
              12     126k         21    5        20  = labels(40)
              12     122k          8    6   F    24  = labels(39)
              12     121k         39    7        15 != labels(25)
              12     123k         25    8        16 != labels(25)
              12     122k         21    2   F    13 != labels(17)
              12     125k         11    3        32 != labels(16)
              12     127k         29    5   F        -
              12     122k         33    7   F     2  = labels(1)
              12     124k         22    8   F    20  = labels(44)
 ! Time = 1.45s, Average fail depth = 9, Memory usage = 7.8 MB
 ! Current bound is 13 (gap is 8.33%)
 !          Best Branches  Non-fixed    W       Branch decision
              12     126k         26    1        46  = labels(38)
              12     123k         21    2        33 != labels(25)
              12     126k         37    3        29 != labels(7)
              12     132k         21    4        39 != labels(44)
              12     128k         28    5        10 != labels(1)
              12     123k         38    6        35 != labels(51)
              12     125k         22    8        40 != labels(3)
              12     127k         10    1        17 != labels(32)
              12     127k         26    3        47 != labels(21)
              12     129k         22    5         4  = labels(43)
              12     124k         19    6   F    39  = labels(51)
              12     123k         27    7   F    51  = labels(25)
              12     126k         26    8        29 != labels(37)
              12     128k         23    1        33 != labels(25)
              12     124k         35    2   F     2  = labels(18)
              12     128k          9    3        27 != labels(39)
              12     133k         31    4        10 != labels(38)
              12     124k         38    7   F     2 != labels(3)
              12     129k         37    1        53  = labels(32)
              12     125k         41    2   F    54 != labels(39)
 ! Time = 1.48s, Average fail depth = 9, Memory usage = 7.8 MB
 ! Current bound is 13 (gap is 8.33%)
 !          Best Branches  Non-fixed    W       Branch decision
              12     129k         32    3        24 != labels(51)
              12     134k         10    4   F    44 != labels(26)
              12     130k         23    5   F    41 != labels(3)
              12     125k         32    6            -
              12     125k         35    7        39 != labels(1)
              12     127k         18    8        13  = labels(15)
              12     130k         42    1   F    42  = labels(44)
              12     135k          6    4        37 != labels(37)
              12     131k         12    5   F     1  = labels(1)
              12     126k         25    6        10 != labels(3)
              12     126k         39    7   F    30  = labels(1)
              12     128k         26    8        26 != labels(32)
              12     131k         24    1   F    23  = labels(16)
              12     126k         39    2   F    17 != labels(44)
              12     130k         16    3        36 != labels(36)
              12     136k         19    4   F    13  = labels(17)
              12     132k         34    5            -
              12     127k         37    6   F        -
              12     127k         41    7         5  = labels(3)
              12     129k         18    8        11 != labels(43)
 ! Time = 1.50s, Average fail depth = 9, Memory usage = 7.8 MB
 ! Current bound is 13 (gap is 8.33%)
 !          Best Branches  Non-fixed    W       Branch decision
              12     132k         23    1   F    38  = labels(16)
              12     127k         38    2   F     6  = labels(3)
              12     131k         19    3   F     4  = labels(25)
              12     128k         24    6   F    38  = labels(32)
              12     128k         38    7   F    29  = labels(32)
              12     130k         20    8   F    18  = labels(37)
              12     133k         23    1   F    17  = labels(8)
              12     128k         32    2        48 != labels(25)
              12     132k         17    3   F    38  = labels(13)
              12     137k         20    4        23  = labels(38)
              12     133k         26    5   F    42  = labels(17)
              12     129k         44    6        39 != labels(32)
              12     134k         24    1        39 != labels(1)
              12     129k         24    2        17 != labels(34)
              12     133k         21    3        36  = labels(33)
              12     138k          9    4        22 != labels(34)
              12     134k         38    5   F    41  = labels(44)
              12     130k         34    6        34 != labels(29)
              12     129k         27    7   F    25  = labels(13)
              12     131k         22    8   F    42  = labels(32)
 ! Time = 1.54s, Average fail depth = 9, Memory usage = 7.8 MB
 ! Current bound is 13 (gap is 8.33%)
 !          Best Branches  Non-fixed    W       Branch decision
              12     135k         23    1   F    33  = labels(46)
              12     130k         24    2   F    38  = labels(25)
              12     134k         25    3        16 != labels(35)
              12     139k         11    4   F    35  = labels(39)
              12     135k         43    5   F    26  = labels(49)
              12     131k         23    6   F        -
              12     130k         29    7   F    48  = labels(25)
              12     132k         41    8   F        -
              12     136k         20    1        40 != labels(45)
              12     131k         22    2        17 != labels(1)
              12     135k         21    3   F    33  = labels(25)
              12     140k         32    4        11 != labels(44)
              12     132k         39    6   F    39  = labels(51)
              12     131k         42    7        30 != labels(32)
              12     133k         43    8            -
              12     137k         19    1        21 != labels(46)
              12     132k         24    2        39 != labels(34)
              12     136k         25    3        21 != labels(32)
              12     141k         22    4   F    23  = labels(22)
              12     136k         41    5        49 != labels(44)
 ! Time = 1.56s, Average fail depth = 9, Memory usage = 7.8 MB
 ! Current bound is 13 (gap is 8.33%)
 !          Best Branches  Non-fixed    W       Branch decision
              12     133k         22    6            -
              12     132k         41    7   F     2  = labels(1)
              12     134k         46    8        47 != labels(6)
              12     138k         21    1        40 != labels(32)
              12     133k         24    2        48 != labels(44)
              12     137k         28    3        24 != labels(30)
              12     142k         22    4        35 != labels(29)
              12     137k         24    5        20  = labels(23)
              12     134k         31    6        24 != labels(13)
              12     133k         24    7        31 != labels(25)
              12     135k         22    8   F    39  = labels(16)
              12     134k         22    2        15 != labels(39)
              12     143k         31    4        38  = labels(25)
              12     138k         25    5   F    39  = labels(14)
              12     135k         40    6            -
              12     134k         37    7        28 != labels(1)
              12     139k         21    1         8  = labels(13)
              12     138k         21    3   F    38  = labels(27)
              12     144k         23    4        36 != labels(12)
              12     139k         25    5   F    13 != labels(3)
 ! Time = 1.59s, Average fail depth = 9, Memory usage = 7.8 MB
 ! Current bound is 13 (gap is 8.33%)
 !          Best Branches  Non-fixed    W       Branch decision
              12     136k         40    6            -
              12     135k         41    7        12 != labels(19)
              12     136k         20    8        23 != labels(8)
              12     140k          4    1        11 != labels(1)
              12     135k         22    2   F    39  = labels(3)
              12     139k         21    3        34 != labels(44)
              12     145k         35    4        46 != labels(25)
              12     137k          8    6        19 != labels(39)
              12     136k         23    7   F     5  = labels(45)
              12     137k         25    8   F    52  = labels(51)
              12     141k         22    1        12 != labels(17)
              12     136k         23    2        15 != labels(3)
              12     140k         22    3        16  = labels(12)
              12     146k         24    4        15 != labels(7)
              12     140k         14    5            -
              12     138k         43    6        16 != labels(32)
              12     137k         25    7   F    38  = labels(20)
              12     142k         15    1   F    41  = labels(1)
              12     137k         24    2   F    51  = labels(39)
              12     141k         43    3        50 != labels(1)
 ! Time = 1.61s, Average fail depth = 9, Memory usage = 7.8 MB
 ! Current bound is 13 (gap is 8.33%)
 !          Best Branches  Non-fixed    W       Branch decision
              12     141k         18    5   F    16  = labels(44)
              12     139k         14    6   F    24 != labels(39)
              12     138k         37    8   F    33  = labels(37)
              12     143k         22    1        39  = labels(7)
              12     138k         25    2   F    19  = labels(36)
              12     142k         43    3   F    41 != labels(18)
              12     147k         24    4         4 != labels(53)
              12     142k         26    5        13 != labels(37)
              12     140k         25    6   F    19  = labels(33)
              12     138k         23    7   F    51  = labels(13)
              12     139k         22    8         5 != labels(44)
              12     144k         17    1        20 != labels(34)
              12     139k          5    2         9  = labels(9)
              12     143k         30    3        42 != labels(44)
              12     148k         25    4   F    22  = labels(20)
              12     143k         12    5   F    27  = labels(13)
              12     141k         23    6   F    29  = labels(1)
              12     139k         23    7   F    38  = labels(16)
              12     140k         34    8   F     1  = labels(17)
              12     145k         13    1   F     5  = labels(39)
 ! Time = 1.64s, Average fail depth = 9, Memory usage = 7.8 MB
 ! Current bound is 13 (gap is 8.33%)
 !          Best Branches  Non-fixed    W       Branch decision
              12     140k          5    2        38  = labels(35)
              12     144k         46    3   F        -
              12     149k         28    4        51  = labels(18)
              12     144k         26    5   F        -
              12     142k         40    6   F    38  = labels(12)
              12     140k         22    7        50  = labels(39)
              12     141k         23    8   F    53  = labels(17)
              12     146k         19    1   F    14  = labels(25)
              12     145k         32    3        18 != labels(32)
              12     145k         40    5        23 != labels(13)
              12     143k         34    6            -
              12     141k         24    7        18 != labels(25)
              12     142k         38    8        47 != labels(32)
              12     147k         22    1        35 != labels(4)
              12     141k         23    2        10 != labels(50)
              12     146k         23    3   F    15  = labels(51)
              12     150k         35    4   F    13  = labels(45)
              12     146k         28    5   F    29  = labels(30)
              12     144k         26    6   F    18  = labels(1)
              12     142k         23    7   F    54 != labels(32)
 ! Time = 1.66s, Average fail depth = 9, Memory usage = 7.7 MB
 ! Current bound is 13 (gap is 8.33%)
 !          Best Branches  Non-fixed    W       Branch decision
 *            13     150k  1.66s        4      (gap is 0.00%)
 ! ----------------------------------------------------------------------------
 ! Search completed, 2 solutions found.
 ! Best objective         : 13 (optimal - effective tol. is 0)
 ! Best bound             : 13
 ! ----------------------------------------------------------------------------
 ! Number of branches     : 1161386
 ! Number of fails        : 562028
 ! Total memory usage     : 11.3 MB (10.9 MB CP Optimizer + 0.4 MB Concert)
 ! Time spent in solve    : 1.66s (1.66s engine + 0.00s extraction)
 ! Search speed (br. / s) : 703870.3
 ! ----------------------------------------------------------------------------

<<< solve


OBJECTIVE: 13
Objective value (b): 13
Labels:  [14 11 53 9 13 22 47 12 31 24 38 23 28 25 35 49 15 50 4 21 16 48 42 44 2 29
     8 33 45 10 32 40 43 37 46 30 54 3 41 20 26 7 5 27 36 52 1 17 51 34 18
     19 6 39]
Vertex with maximum degree: 47

<<< post process


<<< done


<<< engine log: 3/F-curtis54-ver1.out

[runlim] end:			Tue Oct  8 10:50:26 2024
[runlim] status:		ok
[runlim] result:		0
[runlim] children:		0
[runlim] real:			2.50 seconds
[runlim] time:			9.89 seconds
[runlim] space:			47.2 MB
[runlim] samples:		16
