[runlim] version:		1.10
[runlim] time limit:		311040000 seconds
[runlim] real time limit:	1800 seconds
[runlim] space limit:		30000 MB
[runlim] argv[0]:		oplrun
[runlim] argv[1]:		-l
[runlim] argv[2]:		3/W-685_bus-ver1.out
[runlim] argv[3]:		CP-CPLEX.mod
[runlim] argv[4]:		W-685_bus.dat
[runlim] start:			Tue Oct  8 19:27:46 2024
[runlim] main pid:		7152
[runlim] log captured:

<<< setup


<<< generate

 ! --------------------------------------------------- CP Optimizer 22.1.1.0 --
 ! Maximization problem - 686 variables, 1286 constraints
 ! TimeLimit            = 1800
 ! Initial process time : 0.03s (0.03s extraction + 0.00s propagation)
 !  . Log search space  : 6451.7 (before), 6451.7 (after)
 !  . Memory usage      : 1.5 MB (before), 1.5 MB (after)
 ! Using parallel search with 8 workers.
 ! ----------------------------------------------------------------------------
 !          Best Branches  Non-fixed    W       Branch decision
                        0        686                 -
 + New bound is 136
                     1000        542    1       287  = labels#668
                     1000        348    2       530  = labels#354
                     1000        377    3   F   259  = labels#83
                     1000        366    4       473  = labels#608
                     1000        273    5       151  = labels#484
                     1000        560    6       522 != labels#412
                     1000        337    7   F   302  = labels#28
                     1000        151    8       474  = labels#294
                     2000        121    1   F   471  = labels#0
                     2000         72    2       187 != labels#526
                     2000        377    3        79 != labels#398
                     2000        140    4   F   672 != labels#414
                     2000        299    7        10  = labels#515
                     2000         64    8   F   222  = labels#229
                     3000         83    1       635  = labels#472
                     3000         91    4       680  = labels#473
                     2000        585    5   F   194  = labels#41
                     2000        192    6   F   193  = labels#93
                     3000         91    7   F   683  = labels#679
 ! Time = 0.34s, Memory usage = 14.2 MB
 ! Current bound is 136
 !          Best Branches  Non-fixed    W       Branch decision
                     4000         78    1       335  = labels#142
                     3000         63    2       114  = labels#347
                     3000        313    3   F   170  = labels#206
                     4000         79    4   F   653 != labels#128
                     3000        330    5   F   489  = labels#235
                     3000        181    6       181 != labels#0
                     4000         93    7       585 != labels#459
                     3000         75    8   F   416  = labels#336
                     5000         66    1       261 != labels#235
                     4000         82    2   F   678  = labels#595
                     4000        299    3        80 != labels#641
                     5000         57    4        84  = labels#65
                     4000        224    5       225 != labels#517
                     4000        177    6       437  = labels#584
                     5000         71    7       495 != labels#324
                     4000        227    8       416  = labels#110
                     5000        221    3   F   463  = labels#318
                     5000        204    5       203 != labels#55
                     5000        223    6       450  = labels#475
                     5000         81    2   F   228  = labels#3
 ! Time = 0.50s, Average fail depth = 49, Memory usage = 29.4 MB
 ! Current bound is 136
 !          Best Branches  Non-fixed    W       Branch decision
                     6000        128    2       130 != labels#153
                     6000        182    3       503 != labels#252
                     6000        237    4       621 != labels#499
                     6000        199    5       397  = labels#269
                     6000        138    6       107  = labels#595
                     6000         71    7   F   241  = labels#571
                     5000        168    8   F   541  = labels#120
                     7000        174    3   F    22  = labels#40
                     7000         62    4       350 != labels#193
                     6000        169    8       286  = labels#50
                     6000        231    1   F   376  = labels#641
                     7000         87    2       568  = labels#523
                     7000        220    8   F   670  = labels#473
                     7000        111    1   F   394  = labels#354
                     8000        130    2         5 != labels#388
                     8000        362    3   F   484  = labels#130
                     8000        125    4   F    26  = labels#430
                     7000        211    5   F   178  = labels#399
                     7000        296    7       390 != labels#491
                     8000        111    1   F   450  = labels#159
 ! Time = 0.75s, Average fail depth = 148, Memory usage = 64.6 MB
 ! Current bound is 136
 !          Best Branches  Non-fixed    W       Branch decision
                     9000         78    2       313  = labels#206
                     9000        568    3            -
                     9000         63    4       175  = labels#239
                     8000        205    5   F   206  = labels#558
                     7000        587    6        36 != labels#527
                     8000         87    7   F   130  = labels#300
                     8000        447    8   F    76 != labels#641
                     9000         90    1   F   588  = labels#591
                    10000        171    2       515 != labels#75
                    10000        231    3   F   244  = labels#392
                    10000        187    4   F   499  = labels#268
                     9000        186    5       184 != labels#50
                     8000        587    6        42 != labels#527
                     9000         55    7       116  = labels#140
                     9000        194    8   F   451  = labels#614
                    10000         83    1       474 != labels#519
                    11000        384    3       299 != labels#71
                    11000        181    4       337  = labels#46
                    10000        184    5       480 != labels#614
                    10000        109    7   F   494  = labels#448
 ! Time = 0.88s, Average fail depth = 152, Memory usage = 70.6 MB
 ! Current bound is 136
 !          Best Branches  Non-fixed    W       Branch decision
                    10000        160    8   F   151  = labels#354
                    11000        153    1   F   533  = labels#32
                    11000        167    2       215 != labels#674
                    12000        384    3       299 != labels#514
                    12000        186    4       186 != labels#457
                    11000        649    5       531 != labels#614
                    11000         81    7   F   418  = labels#159
                    11000         76    8   F   468  = labels#473
                    12000        170    2   F   172  = labels#120
                    13000        200    3   F   110  = labels#382
                    12000        653    5   F    83  = labels#138
                     9000        378    6   F   489  = labels#582
                    12000        166    7   F   520  = labels#108
                    13000        183    4   F   124  = labels#643
                    13000        653    5       350 != labels#138
                    10000        444    6       462 != labels#582
                    13000        162    7   F   219  = labels#201
                    12000        271    8       466  = labels#230
                    12000        151    1       242 != labels#260
                    14000        229    3       454  = labels#9
 ! Time = 1.13s, Average fail depth = 207, Memory usage = 128.9 MB
 ! Current bound is 136
 !          Best Branches  Non-fixed    W       Branch decision
                    14000        567    5   F   536  = labels#609
                    11000        672    6   F   323  = labels#470
                    14000        187    7   F   154  = labels#96
                    13000        126    8       577  = labels#533
                    13000        216    1       216 != labels#605
                    15000        173    3       511 != labels#135
                    15000        583    5       614 != labels#235
                    12000        672    6       516 != labels#69
                    15000         39    7   F   272  = labels#533
                    14000         75    8       548 != labels#617
                    13000        170    2       638  = labels#532
                    14000        125    2       311  = labels#348
                    16000        171    3       516 != labels#120
                    14000        377    4       307 != labels#329
                    16000        618    5       422 != labels#336
                    13000        220    6   F   479  = labels#69
                    15000         79    8       167 != labels#399
                    14000        216    1   F   639  = labels#247
                    15000        159    1   F     7  = labels#61
                    15000         63    2       674 != labels#69
 ! Time = 1.29s, Average fail depth = 217, Memory usage = 173.0 MB
 ! Current bound is 136
 !          Best Branches  Non-fixed    W       Branch decision
                    17000        171    3       311 != labels#470
                    15000        117    4       297  = labels#353
                    17000        610    5       180 != labels#336
                    14000         77    6   F   270  = labels#625
                    16000        589    8       301  = labels#222
                    16000         75    1   F   315  = labels#235
                    16000        135    2       172  = labels#308
                    16000         57    4        76  = labels#562
                    15000         80    6   F   437  = labels#399
                    16000         51    7        98 != labels#463
                    18000        506    5       613  = labels#374
                    17000         67    7   F   684  = labels#531
                    18000        557    3       300  = labels#674
 *           136    16586  1.39s        2      (gap is 0.00%)
 ! ----------------------------------------------------------------------------
 ! Search completed, 1 solution found.
 ! Best objective         : 136 (optimal - effective tol. is 0)
 ! Best bound             : 136
 ! ----------------------------------------------------------------------------
 ! Number of branches     : 137046
 ! Number of fails        : 50551
 ! Total memory usage     : 199.5 MB (199.0 MB CP Optimizer + 0.6 MB Concert)
 ! Time spent in solve    : 1.39s (1.36s engine + 0.03s extraction)
 ! Search speed (br. / s) : 100769.1
 ! ----------------------------------------------------------------------------

<<< solve


OBJECTIVE: 136
Objective value (b): 136
Labels:  [268 647 125 356 29 174 379 429 672 192 204 34 165 263 6 421 72 284 61 213
     176 347 616 478 101 490 489 405 635 637 222 136 271 59 224 468 660 455
     42 414 395 251 546 433 16 619 242 393 438 320 425 375 611 273 466 145
     30 402 575 454 569 69 26 244 107 67 524 20 287 3 596 480 187 18 331 636
     416 232 543 598 207 15 504 146 294 507 216 471 38 117 23 95 465 387 499
     112 292 392 4 603 316 68 150 462 335 441 505 658 587 186 12 282 261 86
     239 388 381 121 140 497 19 199 382 419 128 551 407 235 143 394 22 43 366
     500 628 570 118 92 275 610 62 206 10 542 289 530 535 168 479 668 613 228
     391 548 571 304 102 555 436 461 396 87 188 7 447 415 44 214 58 314 519
     522 474 527 651 135 89 621 158 511 398 378 82 567 114 250 113 33 601 470
     197 302 8 365 681 46 133 119 666 80 350 157 171 293 399 510 164 77 138
     372 552 638 296 354 215 612 202 2 116 380 642 257 266 161 502 600 105
     325 580 91 488 390 288 652 473 684 131 655 327 281 401 163 484 486 324
     437 108 5 435 389 262 109 47 492 639 299 526 52 307 274 241 585 73 39
     685 295 254 351 276 572 120 191 640 225 593 410 195 99 445 397 656 258
     475 649 632 319 297 330 353 464 25 238 481 345 562 434 267 14 60 51 110
     219 460 300 329 147 177 671 172 377 79 123 677 81 430 194 56 286 240 654
     98 364 218 315 132 653 514 463 385 57 443 256 384 599 90 233 142 111 533
     333 523 182 312 332 568 376 496 265 205 431 513 491 193 283 525 625 63
     665 255 517 590 503 24 220 646 183 343 154 537 605 609 221 644 627 310
     306 371 278 264 106 313 374 144 303 96 472 670 624 357 469 586 362 280
     230 588 439 17 162 9 547 130 667 602 531 645 608 1 556 54 444 383 539
     579 400 422 85 277 457 301 512 521 643 259 549 317 137 440 285 682 518
     78 169 326 159 680 196 346 341 607 321 272 358 373 31 403 363 582 104
     678 506 70 482 483 485 209 173 617 623 318 554 629 622 545 476 32 355
     249 342 614 245 411 631 103 139 359 208 94 648 412 676 252 75 198 561
     558 452 576 226 467 93 66 566 41 453 349 328 210 563 633 578 583 573 477
     683 151 298 674 45 595 21 498 406 337 170 115 153 11 122 35 592 339 166
     184 675 179 231 641 279 584 352 253 348 55 270 368 50 227 338 156 49 620
     560 36 360 550 541 370 246 291 28 53 626 322 64 260 369 40 426 446 657
     581 37 178 565 237 459 309 577 367 126 334 673 487 211 516 615 71 442
     223 424 134 559 427 200 456 149 234 160 229 180 189 529 662 201 664 290
     308 124 450 515 495 663 589 494 361 152 74 27 48 155 212 181 544 669 540
     311 448 634 97 574 630 217 432 553 591 650 493 247 167 597 618 509 449
     336 557 84 190 508 386 248 408 418 532 564 83 679 127 65 175 528 659 323
     661 417 606 148 344 340 538 520 141 423 501 13 129 88 594 458 243 100
     536 185 236 305 451 76 604 203 409 420 269 534 413 404 428]
Vertex with maximum degree: 242

<<< post process


<<< done


<<< engine log: 3/W-685_bus-ver1.out

[runlim] end:			Tue Oct  8 19:27:47 2024
[runlim] status:		ok
[runlim] result:		0
[runlim] children:		0
[runlim] real:			1.51 seconds
[runlim] time:			7.17 seconds
[runlim] space:			332.6 MB
[runlim] samples:		14
